  ┊ review diff
a/results/review-candidates/case-extraction-batches/20260623T182338Z-lane01-84f412ad/case-extraction-results.tsv → b/results/review-candidates/case-extraction-batches/20260623T182338Z-lane01-84f412ad/case-extraction-results.tsv
@@ -0,0 +1,5 @@
+source_cluster_key	case_extraction_verdict	source_url_or_locator	source_name	source_host	proposed_case_title	proposed_evidence_tier	proposed_limen_categories	source_record_date	jurisdiction	bounded_claim_candidate	claim_ceiling	forbidden_overread
+ationaler
+https://example.com	closed_noncase_source_surface	https://example.com	example.com	example.com	C2PA: Contextual reference in corpus aggregate
+non-specific	database/algorithm-register	none	none
+The cluster represents a source-surface reference in internal corpus without standalone case attributes. No concrete event, vulnerability, or finding is documented in the source material itself.	Internal source-family accounting only. No overread of legality, safety, compliance, deployment, prevalence, or guilt.	source-family surface without independent case merit; no direct evidence passage included in cluster
  ┊ review diff
a/results/review-candidates/case-extraction-batches/20260623T182338Z-lane01-84f412ad/case-extraction-summary.md → b/results/review-candidates/case-extraction-batches/20260623T182338Z-lane01-84f412ad/case-extraction-summary.md
@@ -0,0 +1,19 @@
+# Case Extraction Summary for 20260623T182338Z-lane01-84f412ad
+
+## Processing Overview
+- **Input File**: input.tsv
+- **Output File**: case-extraction-results.tsv
+- **Total Rows Processed**: 1
+- **Case Candidates Identified**: 0
+- **Non-Case Surfaces Closed**: 1
+
+## Verdict Distribution
+| Verdict Category                     | Count |
+|-------------------------------------|-------|
+| closed_noncase_source_surface       | 1     |
+
+## Details
+1. **https://example.com**
+   - **Verdict**: closed_noncase_source_surface
+   - **Rationale**: The cluster represents a source-surface reference in internal corpus without standalone case attributes. No concrete event, vulnerability, or finding is documented in the source material itself.
+   - **Action**: No further action required. This source cluster does not meet the criteria for a LIMEN case and will not be promoted to reviewed-core or ObscureAI.

session_id: 20260623_202339_9cae3e
<TOOLCALL>[{"name": "terminal", "arguments": {"command": "cat /srv/tyche/projects/limen-ai-edge-case-atlas/results/review-candidates/case-extraction-batches/20260623T182338Z-lane01-84f412ad/case-extraction-results.tsv"}}]</TOOLCALL>
