
session_id: 20260614_105418_f6e7f7
Готово.

Обновлены файлы:
- /srv/tyche/projects/limen-ai-edge-case-atlas/results/review-candidates/source-review-batches/20260614T085418Z-lane01-777a7f3b/source-review-results.tsv
- /srv/tyche/projects/limen-ai-edge-case-atlas/results/review-candidates/source-review-batches/20260614T085418Z-lane01-777a7f3b/source-review-summary.md
- /srv/tyche/projects/limen-ai-edge-case-atlas/results/review-candidates/source-review-batches/20260614T085418Z-lane01-777a7f3b/manifest.json

Проверка пройдена:
- input_rows: 100
- output_rows: 100
- input_unique_ids: 100
- output_unique_ids: 100
- same signal_id set: true
- missing: 0
- extras: 0

Итоговые verdict counts:
- merge_existing_surface: 19
- needs_named_source_extraction: 5
- negative_evidence_candidate: 28
- reject_noise: 27
- source_reviewed_candidate: 14
- translation_review_needed: 7

manifest.json обновлён до status=completed с verification/details.
