
session_id: 20260617_083959_a7015e
Готово.

Записаны:
- /srv/tyche/projects/limen-ai-edge-case-atlas/results/review-candidates/source-review-batches/20260617T063959Z-lane10-e24eab8f/source-review-results.tsv
- /srv/tyche/projects/limen-ai-edge-case-atlas/results/review-candidates/source-review-batches/20260617T063959Z-lane10-e24eab8f/source-review-summary.md

Обновлён manifest:
- /srv/tyche/projects/limen-ai-edge-case-atlas/results/review-candidates/source-review-batches/20260617T063959Z-lane10-e24eab8f/manifest.json
- status: completed
- reviewed_rows: 160

Проверка пройдена:
- input rows: 160
- output rows: 160
- physical output lines: 161 включая header
- signal_id sets equal: True
- duplicate output signal_id: 0
- invalid verdicts: 0

Verdict counts:
- needs_named_source_extraction: 69
- negative_evidence_candidate: 59
- reject_noise: 17
- source_reviewed_candidate: 12
- merge_existing_surface: 2
- translation_review_needed: 1
