
session_id: 20260616_142230_1c8ff2
Готово.

Записано:
- /srv/tyche/projects/limen-ai-edge-case-atlas/results/review-candidates/bulk-review-batches/parent-source-extraction/20260616T122228Z-lane8-8b6000ad/parent-source-extraction-results.tsv
- /srv/tyche/projects/limen-ai-edge-case-atlas/results/review-candidates/bulk-review-batches/parent-source-extraction/20260616T122228Z-lane8-8b6000ad/parent-source-extraction-summary.md

Обновлён manifest:
- /srv/tyche/projects/limen-ai-edge-case-atlas/results/review-candidates/bulk-review-batches/parent-source-extraction/20260616T122228Z-lane8-8b6000ad/manifest.json

Проверка пройдена:
- input rows: 24
- output rows: 24
- queue_id set match: yes
- duplicate queue_id: none
- required header: yes

Verdict counts:
- source_url_extracted: 5
- parent_source_wrapper: 5
- country_gap_no_parent_source: 14
- source_surface_only_no_case: 0
- duplicate_existing_core: 0
- reject_noise: 0
