
session_id: 20260616_144432_e92a95
Готово.

Созданы:
- /srv/tyche/projects/limen-ai-edge-case-atlas/results/review-candidates/bulk-review-batches/bulk-translation-review/20260616T124430Z-lane2-327ca453/bulk-translation-review-results.tsv
- /srv/tyche/projects/limen-ai-edge-case-atlas/results/review-candidates/bulk-review-batches/bulk-translation-review/20260616T124430Z-lane2-327ca453/bulk-translation-review-summary.md

Обновлён:
- /srv/tyche/projects/limen-ai-edge-case-atlas/results/review-candidates/bulk-review-batches/bulk-translation-review/20260616T124430Z-lane2-327ca453/manifest.json

Проверка пройдена:
- header exact: true
- input rows: 16
- result rows: 16
- queue_id set match: true
- duplicate queue_id: none
- missing queue_id: none
- extra queue_id: none
- bad verdicts: none
- manifest status: completed

Verdict counts:
- candidate_for_parent_source_extraction: 4
- cross_project_duplicate: 1
- needs_original_language_source: 1
- source_surface_only_no_case: 7
- translation_source_reviewed: 3
