
session_id: 20260614_111314_ee2071
Готово.

Обновлены файлы:
- /srv/tyche/projects/limen-ai-edge-case-atlas/results/review-candidates/source-review-batches/20260614T091314Z-lane10-87a91cea/source-review-results.tsv
- /srv/tyche/projects/limen-ai-edge-case-atlas/results/review-candidates/source-review-batches/20260614T091314Z-lane10-87a91cea/source-review-summary.md
- /srv/tyche/projects/limen-ai-edge-case-atlas/results/review-candidates/source-review-batches/20260614T091314Z-lane10-87a91cea/manifest.json

Проверка выполнена:
- reviewed rows: 100
- output rows: 100
- signal_id set: exact match
- duplicate signal_id in results: none

Итоговые counts:
- source_reviewed_candidate: 7
- merge_existing_surface: 13
- negative_evidence_candidate: 27
- needs_named_source_extraction: 8
- translation_review_needed: 0
- reject_noise: 45

Граница соблюдена:
- использованы только локальные metadata и локальные source files
- без web crawl и без public/portal actions
