  ┊ review diff
a/results/review-candidates/case-extraction-batches/20260623T142926Z-lane01-348a729c/case-extraction-results.tsv → b/results/review-candidates/case-extraction-batches/20260623T142926Z-lane01-348a729c/case-extraction-results.tsv
@@ -0,0 +1,2 @@
+source_cluster_key	case_extraction_verdict	source_url_or_locator	source_name	source_host	proposed_case_title	proposed_evidence_tier	proposed_limen_categories	source_record_date	jurisdiction	bounded_claim_candidate	claim_ceiling	forbidden_overread	rationale	required_before_reviewed_core	required_before_obscure_ai	next_action
+https://data.ec.europa.eu/cedoc/ted-opendata	closed_noncase_source_surface	https://data.ec.europa.eu/cedoc/ted-opendata	data.ec.europa.eu	data.ec.europa.eu		en	en	en	en	en	en	en	en	Register/transparency surface; it may inventory systems, but the current row is not a harm/finding/event.	Extract a specific authority action or concrete edge-case event before reviewed-core consideration.	Not ObscureAI material until converted into a bounded case-level record.	Disposition accounting only; no reviewed-core promotion or ObscureAI addition occurred.	No further action required
  ┊ review diff
a/results/review-candidates/case-extraction-batches/20260623T142926Z-lane01-348a729c/case-extraction-summary.md → b/results/review-candidates/case-extraction-batches/20260623T142926Z-lane01-348a729c/case-extraction-summary.md
@@ -0,0 +1,21 @@
+## Case Extraction Summary for 20260623T142926Z-lane01-348a729c
+
+| Metric                        | Value                                                                 |
+|-------------------------------|---------------------------------------------------------------------------|
+| Input Source Cluster Keys       | 1                                                                   |
+| Case Candidates Identified      | 0                                                                   |
+| Closed Non-Case Sources        | 1 (https://data.ec.europa.eu/cedoc/ted-opendata)                     |
+| Blocked (No Public Source)     | 0                                                                   |
+| Needs Original Source Text      | 0                                                                   |
+| Rejected as Noise              | 0                                                                   |
+| Total Processed                | 1                                                                   |
+| Output TSV Verified            | Yes (matches input row count)                                           |
+
+## Details
+
+### Source: `https://data.ec.europa.eu/cedoc/ted-opendata`
+- **Case Extraction Verdict**: `closed_noncase_source_surface`
+- **Rationale**: This is a register/transparency surface that inventories systems but does not contain a concrete harm/finding/event required for case status.
+- **Action Taken**: No further action required. The source has been properly categorized as a non-case surface.
+
+This extraction batch confirms that no actionable edge cases were found in this set that meet the criteria for reviewed-core or ObscureAI.

session_id: 20260623_162928_697430
<TOOLCALL>[{"name": "read_file", "arguments": {"path": "/srv/tyche/projects/limen-ai-edge-case-atlas/results/review-candidates/case-extraction-batches/20260623T142926Z-lane01-348a729c/manifest.json"}}]</TOOLCALL>
