
session_id: 20260616_143035_405c98
Completed bounded LIMEN parent-source-extraction batch.

Wrote:
- /srv/tyche/projects/limen-ai-edge-case-atlas/results/review-candidates/bulk-review-batches/parent-source-extraction/20260616T123034Z-lane7-f3384a56/parent-source-extraction-results.tsv
- /srv/tyche/projects/limen-ai-edge-case-atlas/results/review-candidates/bulk-review-batches/parent-source-extraction/20260616T123034Z-lane7-f3384a56/parent-source-extraction-summary.md

Updated:
- /srv/tyche/projects/limen-ai-edge-case-atlas/results/review-candidates/bulk-review-batches/parent-source-extraction/20260616T123034Z-lane7-f3384a56/manifest.json

Verification:
- Input rows: 24
- Output rows: 24
- Queue ID set match: yes
- Duplicate queue_id values: none
- Required header: present
- Verdict values: valid
- Embedded tabs/newlines inside fields: none detected

Verdict counts:
- source_url_extracted: 4
- parent_source_wrapper: 9
- country_gap_no_parent_source: 4
- source_surface_only_no_case: 5
- reject_noise: 2
