  ┊ review diff
a/results/review-candidates/bulk-review-batches/bulk-translation-review/20260616T120553Z-lane3-853c3d09/bulk-translation-review-results.tsv → b/results/review-candidates/bulk-review-batches/bulk-translation-review/20260616T120553Z-lane3-853c3d09/bulk-translation-review-results.tsv
@@ -0,0 +1,17 @@
+queue_id	signal_id	bulk_translation_verdict	language_reviewed	source_url_or_locator	source_name	reason	claim_ceiling	next_action
+BTR-00017	LIMEN-SIGNAL-09ECD388A3023BB5	needs_original_language_source	he	https://www.gov.il/BlobFolder/policy/ai_2023/en/Israels%20AI%20Policy%202023.pdf	Israel AI Policy 2023	Local record is an official-source locator, but fetch was 403 and Hebrew translation remains needed.	Locator/source-surface only; no policy, legal, or implementation claim.	Obtain original-language source or verified local extract before using beyond context.
+BTR-00018	LIMEN-SIGNAL-0B83D6DBD6AE7AB0	candidate_for_parent_source_extraction	en	https://sdaia.gov.sa/en/SDAIA/about/Files/AIAdoptionFramework.pdf	Saudi AI Adoption Framework	Local metadata names official guidance, but direct/reader fetch failed; no local text surface to review.	Named-source context only; no adoption, compliance, or policy finding.	Retry controlled parent-source extraction or archive hardening before any case-level use.
+BTR-00019	LIMEN-SIGNAL-0B9E821C454536AE	needs_original_language_source	pt	https://www.gov.br/anpd/pt-br/assuntos/projetos-acoes-iniciativas/sandbox/por-que-inteligencia-artificial	ANPD sandbox regulatório: Por que Inteligência Artificial?	Portuguese ANPD sandbox locator is relevant, but local fetch failed and translation is still marked needed.	Official source-surface only; no sandbox operation or legal conclusion.	Obtain Portuguese source text or verified extract for translation-aware review.
+BTR-00020	LIMEN-SIGNAL-0BE2DAE175086278	translation_source_reviewed	nl/en-auto	https://algoritmes.overheid.nl/en/algoritme/88456515	Sounding language	Official Dutch Algorithm Register accession row states this record is In use, but evidence is only register-surface metadata.	Register-row existence/deployment-status surface only; no legal, risk, or performance claim.	Use as parent-source candidate; verify original Dutch page before extracting substantive fields.
+BTR-00021	LIMEN-SIGNAL-0C50765DADE162AF	source_surface_only_no_case	nl	https://www.digitaleoverheid.nl/overzicht-van-alle-onderwerpen/algoritmes/algoritmeregister/	Algoritmeregister voor de overheid	Government guidance explains the Dutch algorithm register; it is context for register policy, not an individual edge case.	Source-surface/context only; no case promotion or high-risk classification.	Keep as parent/register context for extraction notes.
+BTR-00022	LIMEN-SIGNAL-0D057EBC8479CF56	source_surface_only_no_case	pl	https://www.gov.pl/web/cyfryzacja/grupa-robocza-ds-sztucznej-inteligencji-grai	Grupa Robocza ds. Sztucznej Inteligencji (GRAI)	Official working-group page is policy-coordination context and mentions regulation/sandboxes, not an operational sandbox case.	Institutional context only; no competent-authority or sandbox-operation claim.	Keep as source-surface context unless original-language extraction finds a concrete programme artifact.
+BTR-00023	LIMEN-SIGNAL-0D0C2C977448B2E7	candidate_for_parent_source_extraction	en	https://moc.gov.gh/2026/04/24/ghana-launches-national-ai-strategy-to-drive-digital-transformation-and-economic-growth/	Ghana launches National AI Strategy	Local metadata names an English official notice, but fetch timed out and only derived metadata is available.	Named-source context only; no strategy-content or implementation claim.	Retry local source extraction or archive hardening before using as evidence.
+BTR-00024	LIMEN-SIGNAL-0DBAA5EF885F4829	machine_translation_hold	zh	https://www.cac.gov.cn/2022-12/11/c_1672221949318230.htm	Provisions on the Administration of Deep Synthesis Internet Information Services	Digest row relies on English summary/paraphrase of Chinese law-regulator source and marks human review needed.	Governance-context locator only; no binding legal interpretation or provider-specific compliance claim.	Route to original Chinese source review; deduplicate with GAIA deep-synthesis rows.
+BTR-00025	LIMEN-SIGNAL-0DE741B564046077	translation_source_reviewed	es	https://senado.pr.gov/comisin-evala-crear-la-ley-de-subastas-pblicas-con-inteligencia-artificial-y-transparencia-gubernamental-de-puerto-rico	Senate committee evaluates AI public-bidding bill (P. del S. 731)	Official legislature news row supports a proposed AI public-bidding bill surface, explicitly not enacted.	Proposal/news surface only; no enacted-law, procurement deployment, or policy-effect claim.	Keep for translation-aware source-surface review of proposed procurement governance.
+BTR-00026	LIMEN-SIGNAL-0E403F23CB7CCE7E	cross_project_duplicate	zh	https://www.cac.gov.cn/2022-12/11/c_1672221949318230.htm	Provisions on the Administration of Deep Synthesis Internet Information Services	Same Chinese deep-synthesis source appears in GAIA translation-review and digest/source-document metadata.	Duplicate governance-context locator only; no legal finding or provider-specific claim.	Merge/deduplicate with BTR-00024/BTR-00032 and review original Chinese once.
+BTR-00027	LIMEN-SIGNAL-0E55EBAEB950D3C9	candidate_for_parent_source_extraction	no	https://www.datatilsynet.no/regelverk-og-verktoy/rapporter-og-utredninger/rapporter-fra-sandkassa/	Rapporter og funn fra sandkassa	Regulator sandbox report index is a concrete parent surface with downloadable project reports, but row is index-level.	Parent-source/index surface only; no individual sandbox project claim.	Extract and review specific original-language project reports before case use.
+BTR-00028	LIMEN-SIGNAL-0E5CB63393E14852	source_surface_only_no_case	es	https://gobiernodigital.mintic.gov.co/portal/Manual-de-Gobierno-Digital/	Manual de Gobierno Digital	Official guidance is useful digital-governance/transparency context but local notes say it is not a public algorithm register.	Context only; no algorithm-register or deployed-system claim.	Keep as background/gap context; do not promote as a register case.
+BTR-00029	LIMEN-SIGNAL-0E69F8DFAB8BED45	source_surface_only_no_case	cs	https://www.mpo.gov.cz/assets/cz/podnikani/digitalni-ekonomika/umela-inteligence/2024/8/Narodni-strategie-umele-intelience-CR-2030.pdf	Národní strategie umělé inteligence ČR 2030	Official strategy PDF references AI regulatory-sandbox policy, but local notes found no operational Czech AI sandbox.	Strategy/policy context only; no operational sandbox or authority claim.	Use as background unless original Czech extraction identifies a concrete implementation artifact.
+BTR-00030	LIMEN-SIGNAL-0E6A34C7C42CCEDA	machine_translation_hold	nl/en-auto	https://algoritmes.overheid.nl/en/algoritme/mnre1153/33698247/zylab-disclosure-support	Zylab Disclosure Support	Sample record is from English auto-translation of Dutch register content; substantive fields should not be treated as verified facts.	Auto-translated register sample only; no factual/legal/risk conclusion.	Verify against original Dutch register page before extracting substantive claims.
+BTR-00031	LIMEN-SIGNAL-0E7236BF6DAA049A	source_surface_only_no_case	en/amharic?	https://www.ppa.gov.et/	Public Procurement and Property Authority	Official procurement portal was used as negative/gap evidence; local notes say no public algorithm register found.	Gap/context surface only; no algorithm-register, AI-procurement, or deployment claim.	Keep as negative-check provenance; do not promote as an AI case.
+BTR-00032	LIMEN-SIGNAL-0F1DA0FD13FBB6EC	cross_project_duplicate	zh	https://www.cac.gov.cn/2022-12/11/c_1672221949318230.htm	Provisions on the Administration of Deep Synthesis Internet Information Services	GAIA source-document metadata is the same Chinese deep-synthesis source already present in digest/translation queue.	Duplicate source-document locator only; no legal interpretation or incident truth.	Deduplicate with BTR-00024/BTR-00026 and perform one original-language review.
  ┊ review diff
a/results/review-candidates/bulk-review-batches/bulk-translation-review/20260616T120553Z-lane3-853c3d09/bulk-translation-review-summary.md → b/results/review-candidates/bulk-review-batches/bulk-translation-review/20260616T120553Z-lane3-853c3d09/bulk-translation-review-summary.md
@@ -0,0 +1,33 @@
+# Bulk translation review summary
+
+Batch: 20260616T120553Z-lane3-853c3d09
+Task: bulk-translation-review
+Input rows reviewed: 16
+Output rows written: 16
+
+## Boundary applied
+
+This batch was treated as processing-state review only. No row was promoted to reviewed-core, ObscureAI, incident truth, legal finding, safety finding, compliance finding, prevalence, or ranking.
+
+Local source metadata and local source files were used only. Translation-dependent rows were kept at source-surface/context level unless the local row contained a concrete source-surface statement.
+
+## Verdict counts
+
+- translation_source_reviewed: 2
+- needs_original_language_source: 2
+- cross_project_duplicate: 2
+- machine_translation_hold: 2
+- candidate_for_parent_source_extraction: 3
+- source_surface_only_no_case: 5
+- reject_noise: 0
+
+## Main routing notes
+
+- Original-language or verified-source extraction is needed for Hebrew, Portuguese, Chinese, and Dutch auto-translated surfaces before substantive claims.
+- Dutch Algorithm Register rows were retained as register/source surfaces, not legal or risk findings.
+- PALLAS readiness rows were mostly context, parent-source, or gap surfaces; they were not promoted into case-level claims.
+- The Chinese deep-synthesis source appears across GAIA digest, translation-review queue, and source-document metadata and should be deduplicated into a single original-language review path.
+
+## Verification
+
+Verified that output queue_id count and set match input.tsv exactly: 16 input queue_ids and 16 output queue_ids, with no omissions, extras, or duplicates.

session_id: 20260616_140554_394d4e
