
session_id: 20260614_113834_b936f0
Готово.

Записано:
- /srv/tyche/projects/limen-ai-edge-case-atlas/results/review-candidates/source-review-batches/20260614T093834Z-lane13-3d14556e/source-review-results.tsv
- /srv/tyche/projects/limen-ai-edge-case-atlas/results/review-candidates/source-review-batches/20260614T093834Z-lane13-3d14556e/source-review-summary.md

Обновлён manifest:
- /srv/tyche/projects/limen-ai-edge-case-atlas/results/review-candidates/source-review-batches/20260614T093834Z-lane13-3d14556e/manifest.json

Проверка:
- input rows: 100
- output rows: 100
- signal_id set: exact match
- duplicate output signal_id: none

Итоговые counts:
- reject_noise: 40
- negative_evidence_candidate: 23
- needs_named_source_extraction: 22
- merge_existing_surface: 6
- source_reviewed_candidate: 6
- translation_review_needed: 3

Если хочешь, следующим сообщением могу сразу сделать короткий QA-spot-check по самым спорным verdict’ам.
