
session_id: 20260617_005553_00fed2
Готово.

Записаны:
- /srv/tyche/projects/limen-ai-edge-case-atlas/results/review-candidates/case-extraction-batches/20260616T225548Z-lane26-e19b9f2f/case-extraction-results.tsv
- /srv/tyche/projects/limen-ai-edge-case-atlas/results/review-candidates/case-extraction-batches/20260616T225548Z-lane26-e19b9f2f/case-extraction-summary.md

Обновлён:
- /srv/tyche/projects/limen-ai-edge-case-atlas/results/review-candidates/case-extraction-batches/20260616T225548Z-lane26-e19b9f2f/manifest.json

Проверка:
- input rows: 16
- output rows: 16
- header exact: true
- all rows have 17 columns: true
- same source_cluster_key set: true
- duplicate output keys: 0

Verdict counts:
- closed_noncase_source_surface: 15
- case_candidate_for_hardening: 1

Единственный retained candidate:
- https://arxiv.org/abs/2603.26983 — bounded as scholarly preprint claim about provenance-tracking constraints in AI-generated content transparency workflows.

No reviewed-core promotion or ObscureAI addition performed.
