
session_id: 20260617_083959_6e16a2
Completed the bounded LIMEN source-review batch.

Wrote:
- /srv/tyche/projects/limen-ai-edge-case-atlas/results/review-candidates/source-review-batches/20260617T063958Z-lane09-74eadad9/source-review-results.tsv
- /srv/tyche/projects/limen-ai-edge-case-atlas/results/review-candidates/source-review-batches/20260617T063958Z-lane09-74eadad9/source-review-summary.md

Updated manifest:
- /srv/tyche/projects/limen-ai-edge-case-atlas/results/review-candidates/source-review-batches/20260617T063958Z-lane09-74eadad9/manifest.json

Verification passed:
- input rows: 160
- output rows: 160
- same signal_id set: true
- duplicate output signal_id values: none
- required header exact: true
- all verdicts allowed: true
- tabs/newlines inside fields: none
- manifest status: completed

Verdict counts:
- source_reviewed_candidate: 4
- merge_existing_surface: 3
- negative_evidence_candidate: 45
- needs_named_source_extraction: 83
- translation_review_needed: 3
- reject_noise: 22
