
session_id: 20260614_110109_716294
Готово.

Записаны:
- /srv/tyche/projects/limen-ai-edge-case-atlas/results/review-candidates/source-review-batches/20260614T090108Z-lane12-25ed83bb/source-review-results.tsv
- /srv/tyche/projects/limen-ai-edge-case-atlas/results/review-candidates/source-review-batches/20260614T090108Z-lane12-25ed83bb/source-review-summary.md

Обновлён manifest:
- /srv/tyche/projects/limen-ai-edge-case-atlas/results/review-candidates/source-review-batches/20260614T090108Z-lane12-25ed83bb/manifest.json

Проверка:
- input_rows: 100
- output_rows: 100
- same_ids: True
- duplicate_output_ids: 0

Итоги по вердиктам:
- source_reviewed_candidate: 9
- merge_existing_surface: 16
- negative_evidence_candidate: 42
- needs_named_source_extraction: 5
- translation_review_needed: 9
- reject_noise: 19

Статус манифеста: completed.
