
session_id: 20260614_110436_1b772a
Готово.

Выходы записаны:
- /srv/tyche/projects/limen-ai-edge-case-atlas/results/review-candidates/source-review-batches/20260614T090436Z-lane09-07ca6d6f/source-review-results.tsv
- /srv/tyche/projects/limen-ai-edge-case-atlas/results/review-candidates/source-review-batches/20260614T090436Z-lane09-07ca6d6f/source-review-summary.md

Манифест обновлён:
- /srv/tyche/projects/limen-ai-edge-case-atlas/results/review-candidates/source-review-batches/20260614T090436Z-lane09-07ca6d6f/manifest.json

Проверка прошла:
- input rows: 100
- output rows: 100
- unique signal_id in input: 100
- unique signal_id in output: 100
- signal_id set match: true
- header exact match: true

Итоговые counts:
- source_reviewed_candidate: 18
- merge_existing_surface: 18
- negative_evidence_candidate: 18
- needs_named_source_extraction: 22
- translation_review_needed: 7
- reject_noise: 17
