
session_id: 20260617_005559_5c2271
Готово.

Созданы:
- /srv/tyche/projects/limen-ai-edge-case-atlas/results/review-candidates/case-extraction-batches/20260616T225550Z-lane60-1f867ca8/case-extraction-results.tsv
- /srv/tyche/projects/limen-ai-edge-case-atlas/results/review-candidates/case-extraction-batches/20260616T225550Z-lane60-1f867ca8/case-extraction-summary.md

Обновлён:
- /srv/tyche/projects/limen-ai-edge-case-atlas/results/review-candidates/case-extraction-batches/20260616T225550Z-lane60-1f867ca8/manifest.json

Проверка пройдена:
- input rows: 16
- output rows: 16
- source_cluster_key set: identical
- duplicates: none
- omissions/extras: none
- bad verdicts: none
- TSV physical lines: 17 including header
- bad field counts: none
- manifest status: complete

Verdict counts:
- case_candidate_for_hardening: 1
- closed_noncase_source_surface: 14
- needs_original_source_text: 1
