
session_id: 20260614_113805_6461b3
Готово.

Файлы записаны:
- /srv/tyche/projects/limen-ai-edge-case-atlas/results/review-candidates/source-review-batches/20260614T093805Z-lane11-8355cd25/source-review-results.tsv
- /srv/tyche/projects/limen-ai-edge-case-atlas/results/review-candidates/source-review-batches/20260614T093805Z-lane11-8355cd25/source-review-summary.md

Манифест обновлён:
- /srv/tyche/projects/limen-ai-edge-case-atlas/results/review-candidates/source-review-batches/20260614T093805Z-lane11-8355cd25/manifest.json

Проверка прошла:
- input_rows: 100
- output_rows: 100
- input_unique_signal_ids: 100
- output_unique_signal_ids: 100
- signal_id_sets_match: true

Итоговые counts:
- source_reviewed_candidate: 5
- merge_existing_surface: 14
- negative_evidence_candidate: 16
- needs_named_source_extraction: 20
- translation_review_needed: 2
- reject_noise: 43
