
session_id: 20260614_110941_d2a15b
Готово.

Сохранено:
- /srv/tyche/projects/limen-ai-edge-case-atlas/results/review-candidates/source-review-batches/20260614T090941Z-lane13-de1c341d/source-review-results.tsv
- /srv/tyche/projects/limen-ai-edge-case-atlas/results/review-candidates/source-review-batches/20260614T090941Z-lane13-de1c341d/source-review-summary.md

Обновлён:
- /srv/tyche/projects/limen-ai-edge-case-atlas/results/review-candidates/source-review-batches/20260614T090941Z-lane13-de1c341d/manifest.json

Проверка прошла:
- input_rows = 100
- output_rows = 100
- signal_id set совпадает
- duplicate output signal_id = 0
- header exact match

Итоги по verdict:
- source_reviewed_candidate: 4
- merge_existing_surface: 12
- negative_evidence_candidate: 19
- needs_named_source_extraction: 11
- translation_review_needed: 2
- reject_noise: 52
