  ┊ review diff
a/results/review-candidates/bulk-review-batches/bulk-translation-review/20260616T120907Z-lane4-0d840664/bulk-translation-review-results.tsv → b/results/review-candidates/bulk-review-batches/bulk-translation-review/20260616T120907Z-lane4-0d840664/bulk-translation-review-results.tsv
@@ -0,0 +1,17 @@
+queue_id	signal_id	bulk_translation_verdict	language_reviewed	source_url_or_locator	source_name	reason	claim_ceiling	next_action
+BTR-00065	LIMEN-SIGNAL-3351FCB7A9F2A738	needs_original_language_source	el local metadata only	https://www.gov.gr/info/politiki-xrisis-maigov	Gov.gr mAIgov usage policy	Greek official policy pointer is locally present, but fetch failed with 403 and no snippet/content was captured.	source pointer only; no usage-policy, legal, or safety claim	recover and review original Greek source before any extraction
+BTR-00066	LIMEN-SIGNAL-3488CE130826DA62	cross_project_duplicate	English auto-translation from Dutch	https://algoritmes.overheid.nl/en/algoritme/gm1735/93184465/datamask	Datamask - Algorithm Register of the Dutch government	Dutch auto-translated Datamask record duplicates the same public-ai-registry source thread and has unresolved rights terms.	duplicate machine-translated record surface only	dedupe to one Dutch-original registry review thread
+BTR-00067	LIMEN-SIGNAL-34F19B81CEEB4934	candidate_for_parent_source_extraction	en local archived metadata	https://egov-ai.e.gov.ph/developers/chat-ai	Chat AI / eGovAI API	Local developer-doc metadata explicitly describes API authentication, message processing, intent/entity extraction, JSON responses, and workflow-trigger handling while disclaiming automated-decision proof.	API/supply-chain source-surface cue only; no automated-decision or policy finding	extract parent source with archived evidence and keep issue-spotting caveat
+BTR-00068	LIMEN-SIGNAL-352F5A5DED1E29C0	machine_translation_hold	English auto-translation from Dutch	https://algoritmes.overheid.nl/en/algoritme/mnre1045/83985427/octobox-anonymisation	Octobox Anonymisation - Algorithm Register of the Dutch government	Official Dutch register sample is locally substantive, but evidence is the English auto-translation and rights terms are unresolved.	record-surface coding only; no factual/legal/policy inference from translation	review Dutch original before parent extraction or stronger claim
+BTR-00069	LIMEN-SIGNAL-367FA10C19EA3830	cross_project_duplicate	English auto-translation from Dutch	https://algoritmes.overheid.nl/en/algoritme/mnre1153/33698247/zylab-disclosure-support	Zylab Disclosure Support - registry gap map row	Gap-map row repeats the same Dutch auto-translated Zylab register record already present in the public-ai-registry sample artifacts.	duplicate machine-translated field-support surface only	dedupe to Dutch-original Zylab review thread
+BTR-00070	LIMEN-SIGNAL-373D417D0018772B	cross_project_duplicate	en local archived metadata	https://egov-ai.e.gov.ph/developers/chat-ai	Chat AI / eGovAI API	Same eGovAI developer-doc source thread as BTR-00067; row repeats the API workflow-trigger issue-spotting surface.	duplicate API/source-surface cue only; no automated-decision claim	dedupe into BTR-00067 parent-source extraction thread
+BTR-00071	LIMEN-SIGNAL-375A7CAB2DF5B1DE	source_surface_only_no_case	pt local metadata	https://www.gov.br/cvm/pt-br/assuntos/regulados/sandbox-regulatorio	Sandbox Regulatório CVM	Brazil CVM page is a sectoral securities-market sandbox surface; local notes say it is useful maturity context but not AI-specific.	sectoral sandbox context only; no AI regulatory-sandbox case claim	retain as context; seek direct AI-sandbox evidence for escalation
+BTR-00072	LIMEN-SIGNAL-375D4B73BA158ED4	needs_original_language_source	el local metadata	https://www.mindigital.gr/wp-content/uploads/2022/12/nomos_4961_2022.pdf	Law 4961/2022 Articles 5, 6, 8	Greek official-gazette PDF is a plausible AI assessment/transparency/register legal source, but binding language requires original-language review.	official legal source pointer only; no legal interpretation or register-existence finding	review original Greek text before parent extraction or legal-context use
+BTR-00073	LIMEN-SIGNAL-378D8DC9F93CB4F6	cross_project_duplicate	English auto-translation from Dutch	https://algoritmes.overheid.nl/en/algoritme/mnre1153/33698247/zylab-disclosure-support	Zylab Disclosure Support - Algorithm Register of the Dutch government	Dutch auto-translated Zylab record duplicates BTR-00069 and prior public-ai-registry sample processing.	duplicate machine-translated record surface only	dedupe to Dutch-original Zylab review thread
+BTR-00074	LIMEN-SIGNAL-38D221E1750186A4	cross_project_duplicate	English auto-translation from Dutch	https://algoritmes.overheid.nl/en/algoritme/gm1735/93184465/datamask	Datamask - Algorithm Register of the Dutch government	Same Dutch auto-translated Datamask source as BTR-00066; row is another field-support copy.	duplicate machine-translated record surface only	dedupe to Dutch-original Datamask review thread
+BTR-00075	LIMEN-SIGNAL-392235936C5E9093	source_surface_only_no_case	ru local metadata	https://pravo.by/document/?guid=3871&p0=H12100099	Law On Personal Data Protection - Pravo.by	Belarus legal-portal row is privacy/data-governance baseline only and local notes explicitly say no AI evidence-maturity claim.	data-governance context only; no AI-evidence, legal, or compliance finding	retain as background; seek direct AI evidence-control source
+BTR-00076	LIMEN-SIGNAL-3998BE2A14A8746D	translation_source_reviewed	da local metadata	https://digst.dk/tilsyn/ai-forordningen/regulatorisk-sandkasse-for-ai/	Regulatorisk sandkasse for AI	Danish official page locally names an AI regulatory sandbox by Digitaliseringsstyrelsen and Datatilsynet with eligibility and guidance scope.	official sandbox source-surface only; no legal-effectiveness or compliance claim	candidate parent source after Danish citation check
+BTR-00077	LIMEN-SIGNAL-39CBF751CA75D7C9	source_surface_only_no_case	ar local metadata	https://naits.gov.sy/storage/media/e81e1d53-2506-42be-a3f3-321b5a0ea767.pdf	Controls and rules for preserving electronic documents	Arabic official regulatory PDF supports electronic-document retention infrastructure, but relevance to AI evidence maturity is indirect.	retention/provenance context only; no AI case or legal finding	retain as background; seek direct AI audit/provenance source
+BTR-00078	LIMEN-SIGNAL-39EDC7791DEB63BD	translation_source_reviewed	es local archived metadata	https://www.argentina.gob.ar/tina	Tina national virtual assistant	Local Gaia row captures an official Argentina TINA surface for procedures, documents, benefits, appointments, and status information while warning not to infer automated decisions.	public-service chatbot surface only; no automated-decision, legality, or safety claim	consider parent-source extraction after Spanish source check
+BTR-00079	LIMEN-SIGNAL-39FD02CD53712CEE	source_surface_only_no_case	fr local metadata	/srv/tyche/pallas/pallas-ai-agent-observatory/reports/PALLAS_SECOND_PASS_SPRINT_14_COUNTRY_SCORE_DELTA.csv:36	France algorithm-transparency infrastructure score delta	Score-delta row says confidence hardened but no comprehensive official algorithm register was confirmed and human review remains required.	scoring/context row only; no register-existence or coverage finding	human-review French primary sources before any register claim
+BTR-00080	LIMEN-SIGNAL-3AD452DCEA91AF1B	cross_project_duplicate	English auto-translation from Dutch	https://algoritmes.overheid.nl/en/algoritme/mnre1045/83985427/octobox-anonymisation	Octobox Anonymisation - registry gap map preview row	Preview gap-map row repeats the same Dutch auto-translated Octobox register sample represented by BTR-00068.	duplicate machine-translated record surface only	dedupe to Dutch-original Octobox review thread
  ┊ review diff
a/results/review-candidates/bulk-review-batches/bulk-translation-review/20260616T120907Z-lane4-0d840664/bulk-translation-review-summary.md → b/results/review-candidates/bulk-review-batches/bulk-translation-review/20260616T120907Z-lane4-0d840664/bulk-translation-review-summary.md
@@ -0,0 +1,31 @@
+# Bulk translation review summary
+
+Batch: `20260616T120907Z-lane4-0d840664`
+Input: `input.tsv`
+Output: `bulk-translation-review-results.tsv`
+Completed: `2026-06-16T12:11:50Z`
+
+## Scope
+
+Reviewed all 16 input rows exactly once using local metadata and local source-file rows only. This is processing-state review only: no reviewed-core promotion, incident truth, legal finding, safety finding, compliance finding, prevalence, or ranking.
+
+## Verdict counts
+
+- `cross_project_duplicate`: 6
+- `source_surface_only_no_case`: 5
+- `translation_source_reviewed`: 2
+- `needs_original_language_source`: 2
+- `machine_translation_hold`: 1
+- `candidate_for_parent_source_extraction`: 1
+- `reject_noise`: 0
+
+## Notes
+
+- Dutch Algorithm Register auto-translation rows were kept bounded as machine-translation holds or duplicates requiring Dutch-original review.
+- Danish AI sandbox and Argentina TINA rows have concrete source-surface value but remain source-surface/context only.
+- Greek and Belarus/Syria legal or regulatory surfaces were not promoted into legal or AI-evidence claims without original-language review and stronger source checks.
+- eGovAI developer-doc metadata is a parent-source extraction candidate only as an API/supply-chain issue-spotting surface, not as proof of automated decision-making.
+
+## Verification
+
+Automated verification confirmed that result TSV has the required header, 16 data rows, no duplicate `queue_id`, and exactly the same `queue_id` set as `input.tsv`.
  ┊ review diff
a//srv/tyche/projects/limen-ai-edge-case-atlas/results/review-candidates/bulk-review-batches/bulk-translation-review/20260616T120907Z-lane4-0d840664/bulk-translation-review-summary.md → b//srv/tyche/projects/limen-ai-edge-case-atlas/results/review-candidates/bulk-review-batches/bulk-translation-review/20260616T120907Z-lane4-0d840664/bulk-translation-review-summary.md
@@ -12,7 +12,7 @@
 ## Verdict counts
 
 - `cross_project_duplicate`: 6
-- `source_surface_only_no_case`: 5
+- `source_surface_only_no_case`: 4
 - `translation_source_reviewed`: 2
 - `needs_original_language_source`: 2
 - `machine_translation_hold`: 1

session_id: 20260616_140908_20b32c
Готово.

Созданы:
- /srv/tyche/projects/limen-ai-edge-case-atlas/results/review-candidates/bulk-review-batches/bulk-translation-review/20260616T120907Z-lane4-0d840664/bulk-translation-review-results.tsv
- /srv/tyche/projects/limen-ai-edge-case-atlas/results/review-candidates/bulk-review-batches/bulk-translation-review/20260616T120907Z-lane4-0d840664/bulk-translation-review-summary.md

Обновлён:
- /srv/tyche/projects/limen-ai-edge-case-atlas/results/review-candidates/bulk-review-batches/bulk-translation-review/20260616T120907Z-lane4-0d840664/manifest.json

Проверка пройдена:
- input rows: 16
- output rows: 16
- required header: ok
- queue_id set match: true
- duplicate queue_id: none
- bad field-count lines: none
- manifest status: completed
