  ┊ review diff
a//tmp/write_bpse_batch.py → b//tmp/write_bpse_batch.py
@@ -0,0 +1,108 @@
+import csv, json, pathlib, collections
+from datetime import datetime, timezone
+base=pathlib.Path('/srv/tyche/projects/limen-ai-edge-case-atlas/results/review-candidates/bulk-review-batches/parent-source-extraction/20260616T122258Z-lane1-e5844df2')
+inp=base/'input.tsv'
+out=base/'parent-source-extraction-results.tsv'
+summary=base/'parent-source-extraction-summary.md'
+manifest=base/'manifest.json'
+rows=list(csv.DictReader(open(inp, newline=''), delimiter='\t'))
+header=['queue_id','signal_id','bulk_source_verdict','extracted_source_url','source_name','evidence_location','reason','claim_ceiling','next_action']
+# Manual bounded local review decisions from source_path:source_line context and current GAIA source_documents ledger lines.
+decisions={
+'BPSE-00817':('country_gap_no_parent_source','','Pitcairn Islands country gap wishlist','PALLAS_OBSERVABILITY_RESEARCH_QUEUE.csv:71','Country queue row lists generic Pitcairn AI topics only; no named public URL or parent source.','processing-state only; no source claim','Leave for separate source discovery, not parent extraction.'),
+'BPSE-00818':('country_gap_no_parent_source','','Kyrgyzstan country gap wishlist','PALLAS_OBSERVABILITY_RESEARCH_QUEUE.csv:16','Country queue row lists generic Kyrgyzstan AI topics only; no named public URL or parent source.','processing-state only; no source claim','Leave for separate source discovery, not parent extraction.'),
+'BPSE-00819':('country_gap_no_parent_source','','Ethiopia country gap wishlist','OBSERVABILITY_RESEARCH_QUEUE.csv:23','Country queue row lists generic Ethiopia AI topics only; no named public URL or parent source.','processing-state only; no source claim','Leave for separate source discovery, not parent extraction.'),
+'BPSE-00820':('country_gap_no_parent_source','','Zambia country gap wishlist','OBSERVABILITY_RESEARCH_QUEUE.csv:83','Country queue row lists generic Zambia AI topics only; no named public URL or parent source.','processing-state only; no source claim','Leave for separate source discovery, not parent extraction.'),
+'BPSE-00821':('country_gap_no_parent_source','','American Samoa country gap wishlist','OBSERVABILITY_RESEARCH_QUEUE.csv:86','Country queue row lists generic American Samoa AI topics only; no named public URL or parent source.','processing-state only; no source claim','Leave for separate source discovery, not parent extraction.'),
+'BPSE-00822':('country_gap_no_parent_source','','Yemen hardening-summary profile row','PALLAS_SECOND_PASS_COUNTRY_HARDENING_SUMMARY.csv:64','Country hardening summary is a score/profile placeholder with negative findings and no extractable parent URL.','processing-state only; no source claim','Leave to human/lane source-refresh selection if a specific source is needed.'),
+'BPSE-00823':('source_url_extracted','https://socialprotectionai.org/use-case/TGO-002','CNSS Biosecu facial-recognition proof-of-life for pensioners - AI Hub','v02-gap-sprint.json:2823-2837; source_documents.jsonl:444','Local source-pack agent_id resolves to one explicit AI Hub URL in source_documents ledger.','URL extraction only; no incident/truth/legal/safety finding','Review extracted AI Hub page as parent candidate; preserve source-pack boundary.'),
+'BPSE-00824':('source_url_extracted','https://www.truleo.co/','TRULEO | AI Agents for Every Department','v02-gap-sprint.json:2582-2596; source_documents.jsonl:919','Local source-pack agent_id resolves to one explicit official-provider URL in source_documents ledger.','URL extraction only; no incident/truth/legal/safety finding','Review extracted provider page as parent candidate; preserve source-pack boundary.'),
+'BPSE-00825':('parent_source_wrapper','','Finland Traficom AI regulatory sandbox pages','RESULT.md:151','Derived case-study row references plural Traficom sandbox pages but exposes no concrete URL in local context.','wrapper/source-surface pointer only; no direct-source claim','Human should choose exact Traficom page from source refresh/ledger.'),
+'BPSE-00826':('parent_source_wrapper','','Finland TEM sources and Helsinki AI Register comparator surfaces','PALLAS_GRAND_PROGRAM_RESULTS.md:2046','Derived summary names multiple underlying Finland surfaces and no single extractable URL.','wrapper/source-surface pointer only; no direct-source claim','Human should choose one bounded Finland parent source before review.'),
+'BPSE-00827':('parent_source_wrapper','','South Korea AI Digital Textbooks source pack','v02-coverage-gap-sprint.manifest.json:2991-3006; source_documents.jsonl:65,377','Source-pack agent_id resolves to multiple explicit ledger URLs, so a parent source choice is required.','wrapper/source-pack pointer only; no direct-source claim','Human should choose World Bank vs Rest of World parent source for the intended claim.'),
+'BPSE-00828':('country_gap_no_parent_source','','Gabon country gap wishlist','OBSERVABILITY_RESEARCH_QUEUE.csv:55','Country queue row lists generic Gabon AI topics only; no named public URL or parent source.','processing-state only; no source claim','Leave for separate source discovery, not parent extraction.'),
+'BPSE-00829':('source_surface_only_no_case','','China CAC batch-list permalink family','PALLAS_READINESS_SPRINT_1_WEAK_SOURCE_WARNINGS.md:319','Weak-source warning names CAC batch-list permalinks as a source family but gives no concrete local URL.','source-surface family only; no direct-source claim','Harvest exact CAC batch-list permalinks in a separate source-capture task.'),
+'BPSE-00830':('country_gap_no_parent_source','','Cook Islands country gap wishlist','OBSERVABILITY_RESEARCH_QUEUE.csv:52','Country queue row lists generic Cook Islands AI topics only; no named public URL or parent source.','processing-state only; no source claim','Leave for separate source discovery, not parent extraction.'),
+'BPSE-00831':('country_gap_no_parent_source','','Palau country gap wishlist','PALLAS_OBSERVABILITY_RESEARCH_QUEUE.csv:69','Country queue row lists generic Palau AI topics only; no named public URL or parent source.','processing-state only; no source claim','Leave for separate source discovery, not parent extraction.'),
+'BPSE-00832':('country_gap_no_parent_source','','Israel country gap wishlist','OBSERVABILITY_RESEARCH_QUEUE.csv:6','Country queue row lists generic Israel AI topics only; no named public URL or parent source.','processing-state only; no source claim','Leave for separate source discovery, not parent extraction.'),
+'BPSE-00833':('country_gap_no_parent_source','','Jersey country gap wishlist','PALLAS_OBSERVABILITY_RESEARCH_QUEUE.csv:10','Country queue row lists generic Jersey AI topics only; no named public URL or parent source.','processing-state only; no source claim','Leave for separate source discovery, not parent extraction.'),
+'BPSE-00834':('country_gap_no_parent_source','','Burkina Faso country gap wishlist','PALLAS_OBSERVABILITY_RESEARCH_QUEUE.csv:49','Country queue row lists generic Burkina Faso AI topics only; no named public URL or parent source.','processing-state only; no source claim','Leave for separate source discovery, not parent extraction.'),
+'BPSE-00835':('parent_source_wrapper','','Zambia source-hardening summary surfaces','PALLAS_SECOND_PASS_SPRINT_3_HARDENING_SUMMARY.csv:7','Hardening summary names multiple Zambia source surfaces and no single extractable URL.','wrapper/source-surface pointer only; no direct-source claim','Human should choose one bounded Zambia parent source before review.'),
+'BPSE-00836':('country_gap_no_parent_source','','Saint Helena, Ascension and Tristan da Cunha country gap wishlist','PALLAS_OBSERVABILITY_RESEARCH_QUEUE.csv:72','Country queue row lists generic Saint Helena AI topics only; no named public URL or parent source.','processing-state only; no source claim','Leave for separate source discovery, not parent extraction.'),
+'BPSE-00837':('parent_source_wrapper','','Barbados hardening-summary example surfaces','PALLAS_SECOND_PASS_SPRINT_15_HARDENING_SUMMARY.csv:2','Hardening summary lists multiple examples including Data Protection Commission and sandbox framework; no single URL.','wrapper/source-surface pointer only; no direct-source claim','Human should choose one Barbados parent source from lane source rows.'),
+'BPSE-00838':('country_gap_no_parent_source','','Cayman Islands country gap wishlist','PALLAS_OBSERVABILITY_RESEARCH_QUEUE.csv:51','Country queue row lists generic Cayman Islands AI topics only; no named public URL or parent source.','processing-state only; no source claim','Leave for separate source discovery, not parent extraction.'),
+'BPSE-00839':('country_gap_no_parent_source','','Iceland country gap wishlist','PALLAS_OBSERVABILITY_RESEARCH_QUEUE.csv:21','Country queue row lists generic Iceland AI topics only; no named public URL or parent source.','processing-state only; no source claim','Leave for separate source discovery, not parent extraction.'),
+'BPSE-00840':('country_gap_no_parent_source','','Tuvalu country gap wishlist','PALLAS_OBSERVABILITY_RESEARCH_QUEUE.csv:80','Country queue row lists generic Tuvalu AI topics only; no named public URL or parent source.','processing-state only; no source claim','Leave for separate source discovery, not parent extraction.'),
+}
+allowed={'source_url_extracted','parent_source_wrapper','country_gap_no_parent_source','source_surface_only_no_case','duplicate_existing_core','reject_noise'}
+outrows=[]
+for r in rows:
+    q=r['queue_id']
+    if q not in decisions: raise SystemExit(f'missing decision {q}')
+    v,url,name,evid,reason,ceiling,next_action=decisions[q]
+    if v not in allowed: raise SystemExit(f'bad verdict {v}')
+    rec={
+        'queue_id':q,
+        'signal_id':r['signal_id'],
+        'bulk_source_verdict':v,
+        'extracted_source_url':url,
+        'source_name':name,
+        'evidence_location':evid,
+        'reason':reason,
+        'claim_ceiling':ceiling,
+        'next_action':next_action,
+    }
+    for k,val in rec.items():
+        rec[k]=str(val).replace('\t',' ').replace('\r',' ').replace('\n',' ')
+    outrows.append(rec)
+with open(out,'w',newline='') as f:
+    w=csv.DictWriter(f, fieldnames=header, delimiter='\t', lineterminator='\n')
+    w.writeheader(); w.writerows(outrows)
+counts=collections.Counter(r['bulk_source_verdict'] for r in outrows)
+summary_text='# Parent source extraction summary\n\n'
+summary_text+=f'Batch: 20260616T122258Z-lane1-e5844df2\n\n'
+summary_text+=f'Input rows reviewed: {len(rows)}\n\n'
+summary_text+='Verdict counts:\n'
+for k in sorted(counts): summary_text+=f'- {k}: {counts[k]}\n'
+summary_text+='\nExtracted URLs:\n'
+for r in outrows:
+    if r['bulk_source_verdict']=='source_url_extracted':
+        summary_text+=f"- {r['queue_id']} {r['signal_id']}: {r['extracted_source_url']} ({r['source_name']}; {r['evidence_location']})\n"
+summary_text+='\nBoundary note: processing-state parent-source extraction only. No reviewed-core promotion, ObscureAI addition, incident truth, legal finding, safety finding, compliance finding, prevalence, or ranking was made. Local metadata/source files only; no broad web crawl.\n'
+summary.write_text(summary_text)
+# verify set/count/schema and update manifest
+input_ids=[r['queue_id'] for r in rows]; output_ids=[r['queue_id'] for r in outrows]
+if len(input_ids)!=len(output_ids) or set(input_ids)!=set(output_ids) or len(output_ids)!=len(set(output_ids)):
+    raise SystemExit('queue_id verification failed')
+with open(out,newline='') as f:
+    rr=list(csv.reader(f, delimiter='\t'))
… omitted 30 diff line(s) across 1 additional file(s)/section(s)

session_id: 20260616_142301_8ffc6f
Completed bounded LIMEN parent-source-extraction batch.

Wrote:
- /srv/tyche/projects/limen-ai-edge-case-atlas/results/review-candidates/bulk-review-batches/parent-source-extraction/20260616T122258Z-lane1-e5844df2/parent-source-extraction-results.tsv
- /srv/tyche/projects/limen-ai-edge-case-atlas/results/review-candidates/bulk-review-batches/parent-source-extraction/20260616T122258Z-lane1-e5844df2/parent-source-extraction-summary.md

Updated:
- /srv/tyche/projects/limen-ai-edge-case-atlas/results/review-candidates/bulk-review-batches/parent-source-extraction/20260616T122258Z-lane1-e5844df2/manifest.json

Verification:
- input rows: 24
- output rows: 24
- queue_id set match: true
- duplicate output queue_id values: none
- exact required header: true
- column counts valid: true
- verdict counts:
  - country_gap_no_parent_source: 16
  - source_url_extracted: 2
  - parent_source_wrapper: 5
  - source_surface_only_no_case: 1

Extracted URLs:
- BPSE-00823: https://socialprotectionai.org/use-case/TGO-002
- BPSE-00824: https://www.truleo.co/

Boundary preserved: processing-state review only; no promotions or substantive incident/legal/safety/compliance/prevalence/ranking findings.
