
session_id: 20260617_084347_019e50
Готово.

Созданы:
- /srv/tyche/projects/limen-ai-edge-case-atlas/results/review-candidates/case-extraction-batches/20260617T064346Z-lane01-72b5e0b0/case-extraction-results.tsv
- /srv/tyche/projects/limen-ai-edge-case-atlas/results/review-candidates/case-extraction-batches/20260617T064346Z-lane01-72b5e0b0/case-extraction-summary.md

Обновлён:
- /srv/tyche/projects/limen-ai-edge-case-atlas/results/review-candidates/case-extraction-batches/20260617T064346Z-lane01-72b5e0b0/manifest.json

Проверка:
- input rows: 8
- result rows: 8
- header exact: true
- source_cluster_key set match: true
- duplicate result keys: 0
- missing keys: 0
- extra keys: 0
- all result lines have 17 TSV fields: true
- manifest status: complete

Вердикты:
- closed_noncase_source_surface: 8
- case_candidate_for_hardening: 0
