  ┊ review diff
a/results/review-candidates/bulk-review-batches/parent-source-extraction/20260617T073516Z-lane16-6d1ec91c/parent-source-extraction-results.tsv → b/results/review-candidates/bulk-review-batches/parent-source-extraction/20260617T073516Z-lane16-6d1ec91c/parent-source-extraction-results.tsv
@@ -0,0 +1,14 @@
+queue_id	signal_id	bulk_source_verdict	extracted_source_url	source_name	evidence_location	reason	claim_ceiling	next_action
+BPSE-03633	LIMEN-SIGNAL-FCDFE62B890C8383	country_gap_no_parent_source		Republic of the Congo country profile I03 Regulatory sandbox maturity	/srv/tyche/pallas/pallas-ai-agent-observatory/program/01-pallas-atlas/app/data/pallas_atlas_countries.json:25400-25550	Country profile indicator line is a score/label placeholder; nearby top_sources contain no I03 sandbox parent URL.	Country-profile/source-pack triage only; no incident truth, legality, safety, deployment, prevalence, or ranking claim.	Keep as gap/profile placeholder until a concrete sandbox source is locally identified.
+BPSE-03634	LIMEN-SIGNAL-FD2EAE0C83434F5D	parent_source_wrapper		Guatemala regulatory sandbox research queue wrapper	/srv/tyche/pallas/pallas-ai-agent-observatory/reports/PALLAS_OBSERVABILITY_RESEARCH_QUEUE.csv:225	Research queue row lists country/query targets and acceptable source classes, not a concrete parent source URL.	Source-pack/query-wrapper triage only; no incident truth, legality, safety, deployment, prevalence, or ranking claim.	Human/local follow-up must choose a named official/regulator/register/procurement source before direct review.
+BPSE-03635	LIMEN-SIGNAL-FD682AD673B272E7	parent_source_wrapper		Greenland AI procurement research queue wrapper	/srv/tyche/pallas/pallas-ai-agent-observatory/reports/PALLAS_OBSERVABILITY_RESEARCH_QUEUE.csv:209	Research queue row lists country/query targets and acceptable source classes, not a concrete parent source URL.	Source-pack/query-wrapper triage only; no incident truth, legality, safety, deployment, prevalence, or ranking claim.	Human/local follow-up must choose a named official/regulator/register/procurement source before direct review.
+BPSE-03636	LIMEN-SIGNAL-FD8C153DD6FBF8C5	parent_source_wrapper		United States Virgin Islands public sector AI research queue wrapper	/srv/tyche/pallas/pallas-ai-agent-observatory/reports/PALLAS_OBSERVABILITY_RESEARCH_QUEUE.csv:214	Research queue row lists country/query targets and acceptable source classes, not a concrete parent source URL.	Source-pack/query-wrapper triage only; no incident truth, legality, safety, deployment, prevalence, or ranking claim.	Human/local follow-up must choose a named official/regulator/register/procurement source before direct review.
+BPSE-03637	LIMEN-SIGNAL-FE11ABC2FA671F01	country_gap_no_parent_source		Mauritania country profile I03 Regulatory sandbox maturity	/srv/tyche/pallas/pallas-ai-agent-observatory/program/01-pallas-atlas/app/data/pallas_atlas_countries.json:31803-31846	Country profile indicator line is a score/label placeholder; summary flags sandbox_not_verified and no I03 parent URL is exposed there.	Country-profile/source-pack triage only; no incident truth, legality, safety, deployment, prevalence, or ranking claim.	Keep as gap/profile placeholder until a concrete sandbox source is locally identified.
+BPSE-03638	LIMEN-SIGNAL-FE1E89DC6E8D31D7	parent_source_wrapper		Taiwan AI procurement research queue wrapper	/srv/tyche/pallas/pallas-ai-agent-observatory/reports/PALLAS_OBSERVABILITY_RESEARCH_QUEUE.csv:201	Research queue row lists country/query targets and acceptable source classes, not a concrete parent source URL.	Source-pack/query-wrapper triage only; no incident truth, legality, safety, deployment, prevalence, or ranking claim.	Human/local follow-up must choose a named official/regulator/register/procurement source before direct review.
+BPSE-03639	LIMEN-SIGNAL-FE8F3857F5D3DFA4	parent_source_wrapper		Cameroon public sector AI research queue wrapper	/srv/tyche/pallas/pallas-ai-agent-observatory/reports/PALLAS_OBSERVABILITY_RESEARCH_QUEUE.csv:219	Research queue row lists country/query targets and acceptable source classes, not a concrete parent source URL.	Source-pack/query-wrapper triage only; no incident truth, legality, safety, deployment, prevalence, or ranking claim.	Human/local follow-up must choose a named official/regulator/register/procurement source before direct review.
+BPSE-03640	LIMEN-SIGNAL-FF1CCF08B1C89827	parent_source_wrapper		Mauritania public sector AI research queue wrapper	/srv/tyche/pallas/pallas-ai-agent-observatory/program/08-observability-index/OBSERVABILITY_RESEARCH_QUEUE.csv:232	Research queue row lists country/query targets and acceptable source classes, not a concrete parent source URL.	Source-pack/query-wrapper triage only; no incident truth, legality, safety, deployment, prevalence, or ranking claim.	Human/local follow-up must choose a named official/regulator/register/procurement source before direct review.
+BPSE-03641	LIMEN-SIGNAL-FF4ECA0992A142C9	parent_source_wrapper		Cuba algorithm register research queue wrapper	/srv/tyche/pallas/pallas-ai-agent-observatory/reports/PALLAS_OBSERVABILITY_RESEARCH_QUEUE.csv:220	Research queue row lists country/query targets and acceptable source classes, not a concrete parent source URL.	Source-pack/query-wrapper triage only; no incident truth, legality, safety, deployment, prevalence, or ranking claim.	Human/local follow-up must choose a named official/regulator/register/procurement source before direct review.
+BPSE-03642	LIMEN-SIGNAL-FF64E53F782C393D	parent_source_wrapper		Niger public sector AI research queue wrapper	/srv/tyche/pallas/pallas-ai-agent-observatory/reports/PALLAS_OBSERVABILITY_RESEARCH_QUEUE.csv:236	Research queue row lists country/query targets and acceptable source classes, not a concrete parent source URL.	Source-pack/query-wrapper triage only; no incident truth, legality, safety, deployment, prevalence, or ranking claim.	Human/local follow-up must choose a named official/regulator/register/procurement source before direct review.
+BPSE-03643	LIMEN-SIGNAL-FF735F7C8B7F2C2C	parent_source_wrapper		Chile regulatory sandbox research queue wrapper	/srv/tyche/pallas/pallas-ai-agent-observatory/program/08-observability-index/OBSERVABILITY_RESEARCH_QUEUE.csv:188	Research queue row lists country/query targets and acceptable source classes, not a concrete parent source URL.	Source-pack/query-wrapper triage only; no incident truth, legality, safety, deployment, prevalence, or ranking claim.	Human/local follow-up must choose a named official/regulator/register/procurement source before direct review.
+BPSE-03644	LIMEN-SIGNAL-FF7C477B4D747A92	country_gap_no_parent_source		Palestine country profile I05 Public algorithm registers / transparency	/srv/tyche/pallas/pallas-ai-agent-observatory/program/01-pallas-atlas/app/data/pallas_atlas_countries.json:23108-23259	Country profile indicator line is a score/label placeholder; nearby top_sources expose I01/I04/I08 only, not an I05 algorithm-register parent URL.	Country-profile/source-pack triage only; no incident truth, legality, safety, deployment, prevalence, or ranking claim.	Keep as gap/profile placeholder until a concrete algorithm-register source is locally identified.
+BPSE-03645	LIMEN-SIGNAL-FF997EC1CFF0A3CA	parent_source_wrapper		Seychelles regulatory sandbox research queue wrapper	/srv/tyche/pallas/pallas-ai-agent-observatory/program/08-observability-index/OBSERVABILITY_RESEARCH_QUEUE.csv:241	Research queue row lists country/query targets and acceptable source classes, not a concrete parent source URL.	Source-pack/query-wrapper triage only; no incident truth, legality, safety, deployment, prevalence, or ranking claim.	Human/local follow-up must choose a named official/regulator/register/procurement source before direct review.
  ┊ review diff
a/results/review-candidates/bulk-review-batches/parent-source-extraction/20260617T073516Z-lane16-6d1ec91c/parent-source-extraction-summary.md → b/results/review-candidates/bulk-review-batches/parent-source-extraction/20260617T073516Z-lane16-6d1ec91c/parent-source-extraction-summary.md
@@ -0,0 +1,27 @@
+# Parent source extraction summary
+
+Batch: `20260617T073516Z-lane16-6d1ec91c`
+Completed at UTC: `2026-06-17T07:36:26Z`
+
+## Scope
+
+Reviewed every row in `input.tsv` exactly once using only local metadata and local source-file context. No broad web crawl or external portal action was performed.
+
+## Results
+
+- Input rows reviewed: 13
+- Output rows written: 13
+- `source_url_extracted`: 0
+- `parent_source_wrapper`: 10
+- `country_gap_no_parent_source`: 3
+- Other verdicts: 0
+
+## Notes
+
+- Research queue rows were generic country/query wrappers listing acceptable source classes but no concrete parent URL; these were marked `parent_source_wrapper`.
+- Country profile rows for Republic of the Congo I03, Mauritania I03, and Palestine I05 were score/label/gap placeholders without an exposed matching parent URL in nearby local profile context; these were marked `country_gap_no_parent_source`.
+- No URL was inferred from source names or country/query text.
+
+## Verification
+
+The result TSV was checked for exact header, allowed verdicts, duplicate queue IDs, row count, and queue_id set equality against `input.tsv`.

session_id: 20260617_093517_5a43ab
