
session_id: 20260617_084000_5882c2
Done.

Wrote:
- /srv/tyche/projects/limen-ai-edge-case-atlas/results/review-candidates/source-review-batches/20260617T063959Z-lane13-831118fe/source-review-results.tsv
- /srv/tyche/projects/limen-ai-edge-case-atlas/results/review-candidates/source-review-batches/20260617T063959Z-lane13-831118fe/source-review-summary.md

Updated:
- /srv/tyche/projects/limen-ai-edge-case-atlas/results/review-candidates/source-review-batches/20260617T063959Z-lane13-831118fe/manifest.json

Verification passed:
- input rows: 64
- output rows: 64
- unique output signal_id values: 64
- same signal_id set as input
- no omissions, extras, or duplicate signal_id values
- required header present
- allowed verdicts only

Verdict counts:
- merge_existing_surface: 6
- needs_named_source_extraction: 27
- negative_evidence_candidate: 21
- reject_noise: 2
- source_reviewed_candidate: 7
- translation_review_needed: 1
