
session_id: 20260614_113443_d4337b
Готово.

Файлы обновлены:
- /srv/tyche/projects/limen-ai-edge-case-atlas/results/review-candidates/source-review-batches/20260614T093443Z-lane14-fcaa30d4/source-review-results.tsv
- /srv/tyche/projects/limen-ai-edge-case-atlas/results/review-candidates/source-review-batches/20260614T093443Z-lane14-fcaa30d4/source-review-summary.md
- /srv/tyche/projects/limen-ai-edge-case-atlas/results/review-candidates/source-review-batches/20260614T093443Z-lane14-fcaa30d4/manifest.json

Итог по батчу 20260614T093443Z-lane14-fcaa30d4:
- rows reviewed: 100
- source_reviewed_candidate: 1
- merge_existing_surface: 9
- negative_evidence_candidate: 32
- needs_named_source_extraction: 17
- translation_review_needed: 5
- reject_noise: 36

Проверка выполнена:
- input_rows = 100
- output_rows = 100
- same_signal_id_set = true
- same_signal_id_order = true
- unique_output_signal_ids = true
- header exact match = true

manifest.json переведён в status: completed и дополнен counts/validation.
