
session_id: 20260616_142516_01c786
Готово.

Созданы/обновлены:

- /srv/tyche/projects/limen-ai-edge-case-atlas/results/review-candidates/bulk-review-batches/bulk-translation-review/20260616T122515Z-lane2-72129a6b/bulk-translation-review-results.tsv
- /srv/tyche/projects/limen-ai-edge-case-atlas/results/review-candidates/bulk-review-batches/bulk-translation-review/20260616T122515Z-lane2-72129a6b/bulk-translation-review-summary.md
- /srv/tyche/projects/limen-ai-edge-case-atlas/results/review-candidates/bulk-review-batches/bulk-translation-review/20260616T122515Z-lane2-72129a6b/manifest.json

Проверка выполнена:

- input rows: 16
- output rows: 16
- queue_id set matches input: true
- duplicate queue_id: none
- required header exact: true
- local sources only: true
- no case promotion: true

Verdict counts:

- source_surface_only_no_case: 7
- machine_translation_hold: 4
- cross_project_duplicate: 2
- translation_source_reviewed: 1
- needs_original_language_source: 1
- candidate_for_parent_source_extraction: 1
