Traceback (most recent call last):
  File "/home/anton/.hermes/hermes-agent/venv/bin/hermes", line 6, in <module>
    sys.exit(main())
             ^^^^^^
  File "/home/anton/.hermes/hermes-agent/hermes_cli/main.py", line 13993, in main
    args.func(args)
  File "/home/anton/.hermes/hermes-agent/hermes_cli/main.py", line 1810, in cmd_chat
    cli_main(**kwargs)
  File "/home/anton/.hermes/hermes-agent/cli.py", line 15023, in main
    result = cli.agent.run_conversation(
             ^^^^^^^^^^^^^^^^^^^^^^^^^^^
  File "/home/anton/.hermes/hermes-agent/run_agent.py", line 4165, in run_conversation
    return run_conversation(self, user_message, system_message, conversation_history, task_id, stream_callback, persist_user_message)
           ^^^^^^^^^^^^^^^^^^^^^^^^^^^^^^^^^^^^^^^^^^^^^^^^^^^^^^^^^^^^^^^^^^^^^^^^^^^^^^^^^^^^^^^^^^^^^^^^^^^^^^^^^^^^^^^^^^^^^^^^^^
  File "/home/anton/.hermes/hermes-agent/agent/conversation_loop.py", line 1172, in run_conversation
    response = agent._interruptible_streaming_api_call(
               ^^^^^^^^^^^^^^^^^^^^^^^^^^^^^^^^^^^^^^^^
  File "/home/anton/.hermes/hermes-agent/run_agent.py", line 3250, in _interruptible_streaming_api_call
    return interruptible_streaming_api_call(self, api_kwargs, on_first_delta=on_first_delta)
           ^^^^^^^^^^^^^^^^^^^^^^^^^^^^^^^^^^^^^^^^^^^^^^^^^^^^^^^^^^^^^^^^^^^^^^^^^^^^^^^^^
  File "/home/anton/.hermes/hermes-agent/agent/chat_completion_helpers.py", line 2175, in interruptible_streaming_api_call
    t.join(timeout=0.3)
  File "/usr/lib/python3.12/threading.py", line 1151, in join
    self._wait_for_tstate_lock(timeout=max(timeout, 0))
  File "/usr/lib/python3.12/threading.py", line 1167, in _wait_for_tstate_lock
    if lock.acquire(block, timeout):
       ^^^^^^^^^^^^^^^^^^^^^^^^^^^^
  File "/home/anton/.hermes/hermes-agent/cli.py", line 14943, in _signal_handler_q
    raise KeyboardInterrupt()
KeyboardInterrupt
