{"lane_id": "lane01", "batch": "/srv/tyche/projects/limen-ai-edge-case-atlas/results/review-candidates/source-review-batches/20260614T084856Z-lane01-fa3d4e1b", "status": "allocated"}
{"lane_id": "lane01", "batch": "/srv/tyche/projects/limen-ai-edge-case-atlas/results/review-candidates/source-review-batches/20260614T084856Z-lane01-fa3d4e1b", "status": "complete", "verdict_counts": {"merge_existing_surface": 34, "needs_named_source_extraction": 18, "negative_evidence_candidate": 19, "reject_noise": 16, "source_reviewed_candidate": 6, "translation_review_needed": 7}}
{"lane_id": "lane01", "batch": "/srv/tyche/projects/limen-ai-edge-case-atlas/results/review-candidates/source-review-batches/20260614T085418Z-lane01-777a7f3b", "status": "allocated"}
{"lane_id": "lane01", "batch": "/srv/tyche/projects/limen-ai-edge-case-atlas/results/review-candidates/source-review-batches/20260614T085418Z-lane01-777a7f3b", "status": "complete", "verdict_counts": {"merge_existing_surface": 19, "needs_named_source_extraction": 5, "negative_evidence_candidate": 28, "reject_noise": 27, "source_reviewed_candidate": 14, "translation_review_needed": 7}}
{"lane_id": "lane01", "batch": "/srv/tyche/projects/limen-ai-edge-case-atlas/results/review-candidates/source-review-batches/20260614T085820Z-lane01-b9c7c109", "status": "allocated"}
{"lane_id": "lane01", "batch": "/srv/tyche/projects/limen-ai-edge-case-atlas/results/review-candidates/source-review-batches/20260614T085820Z-lane01-b9c7c109", "status": "complete", "verdict_counts": {"merge_existing_surface": 14, "needs_named_source_extraction": 10, "negative_evidence_candidate": 20, "reject_noise": 38, "source_reviewed_candidate": 12, "translation_review_needed": 6}}
{"lane_id": "lane01", "batch": "/srv/tyche/projects/limen-ai-edge-case-atlas/results/review-candidates/source-review-batches/20260614T090358Z-lane01-ab4c9257", "status": "allocated"}
{"lane_id": "lane01", "batch": "/srv/tyche/projects/limen-ai-edge-case-atlas/results/review-candidates/source-review-batches/20260614T090358Z-lane01-ab4c9257", "status": "complete", "verdict_counts": {"merge_existing_surface": 19, "needs_named_source_extraction": 20, "negative_evidence_candidate": 23, "reject_noise": 20, "source_reviewed_candidate": 16, "translation_review_needed": 2}}
{"lane_id": "lane01", "batch": "/srv/tyche/projects/limen-ai-edge-case-atlas/results/review-candidates/source-review-batches/20260614T090717Z-lane01-094b3646", "status": "allocated"}
{"lane_id": "lane01", "batch": "/srv/tyche/projects/limen-ai-edge-case-atlas/results/review-candidates/source-review-batches/20260614T090717Z-lane01-094b3646", "status": "complete", "verdict_counts": {"merge_existing_surface": 7, "needs_named_source_extraction": 21, "negative_evidence_candidate": 16, "reject_noise": 51, "source_reviewed_candidate": 3, "translation_review_needed": 2}}
{"lane_id": "lane01", "batch": "/srv/tyche/projects/limen-ai-edge-case-atlas/results/review-candidates/source-review-batches/20260614T091122Z-lane01-92744230", "status": "allocated"}
{"lane_id": "lane01", "batch": "/srv/tyche/projects/limen-ai-edge-case-atlas/results/review-candidates/source-review-batches/20260614T091122Z-lane01-92744230", "status": "complete", "verdict_counts": {"merge_existing_surface": 11, "needs_named_source_extraction": 3, "negative_evidence_candidate": 27, "reject_noise": 48, "source_reviewed_candidate": 7, "translation_review_needed": 4}}
{"lane_id": "lane01", "batch": "/srv/tyche/projects/limen-ai-edge-case-atlas/results/review-candidates/source-review-batches/20260614T091731Z-lane01-2b0e0eef", "status": "allocated"}
{"lane_id": "lane01", "batch": "/srv/tyche/projects/limen-ai-edge-case-atlas/results/review-candidates/source-review-batches/20260614T091731Z-lane01-2b0e0eef", "status": "complete", "verdict_counts": {"merge_existing_surface": 16, "needs_named_source_extraction": 9, "negative_evidence_candidate": 23, "reject_noise": 48, "source_reviewed_candidate": 3, "translation_review_needed": 1}}
{"lane_id": "lane01", "batch": "/srv/tyche/projects/limen-ai-edge-case-atlas/results/review-candidates/source-review-batches/20260614T092210Z-lane01-a3ac65a5", "status": "allocated"}
{"lane_id": "lane01", "batch": "/srv/tyche/projects/limen-ai-edge-case-atlas/results/review-candidates/source-review-batches/20260614T092210Z-lane01-a3ac65a5", "status": "complete", "verdict_counts": {"merge_existing_surface": 12, "needs_named_source_extraction": 17, "negative_evidence_candidate": 26, "reject_noise": 43, "source_reviewed_candidate": 1, "translation_review_needed": 1}}
{"lane_id": "lane01", "batch": "/srv/tyche/projects/limen-ai-edge-case-atlas/results/review-candidates/source-review-batches/20260614T092609Z-lane01-ed4a75d2", "status": "allocated"}
{"lane_id": "lane01", "batch": "/srv/tyche/projects/limen-ai-edge-case-atlas/results/review-candidates/source-review-batches/20260614T092609Z-lane01-ed4a75d2", "status": "complete", "verdict_counts": {"merge_existing_surface": 13, "needs_named_source_extraction": 10, "negative_evidence_candidate": 25, "reject_noise": 45, "source_reviewed_candidate": 4, "translation_review_needed": 3}}
{"lane_id": "lane01", "batch": "/srv/tyche/projects/limen-ai-edge-case-atlas/results/review-candidates/source-review-batches/20260614T093824Z-lane01-7cfc4fe6", "status": "allocated"}
{"lane_id": "lane01", "batch": "/srv/tyche/projects/limen-ai-edge-case-atlas/results/review-candidates/source-review-batches/20260614T093824Z-lane01-7cfc4fe6", "status": "complete", "verdict_counts": {"merge_existing_surface": 9, "needs_named_source_extraction": 21, "negative_evidence_candidate": 33, "reject_noise": 28, "source_reviewed_candidate": 6, "translation_review_needed": 3}}
{"lane_id": "lane01", "batch": "/srv/tyche/projects/limen-ai-edge-case-atlas/results/review-candidates/source-review-batches/20260614T094323Z-lane01-f29a6bab", "status": "allocated"}
{"lane_id": "lane01", "batch": "/srv/tyche/projects/limen-ai-edge-case-atlas/results/review-candidates/source-review-batches/20260614T094323Z-lane01-f29a6bab", "status": "complete", "verdict_counts": {"merge_existing_surface": 14, "needs_named_source_extraction": 19, "negative_evidence_candidate": 24, "reject_noise": 37, "source_reviewed_candidate": 1, "translation_review_needed": 5}}
{"lane_id": "lane01", "batch": "/srv/tyche/projects/limen-ai-edge-case-atlas/results/review-candidates/source-review-batches/20260614T094905Z-lane01-afa794b1", "status": "allocated"}
{"lane_id": "lane01", "status": "empty", "timestamp": "2026-06-16T17:20:39Z"}
{"lane_id": "lane01", "batch": "/srv/tyche/projects/limen-ai-edge-case-atlas/results/review-candidates/source-review-batches/20260616T190138Z-lane01-24cd136b", "status": "allocated"}
{"lane_id": "lane01", "batch": "/srv/tyche/projects/limen-ai-edge-case-atlas/results/review-candidates/source-review-batches/20260616T190138Z-lane01-24cd136b", "status": "complete", "verdict_counts": {"reject_noise": 2}}
{"lane_id": "lane01", "status": "empty", "timestamp": "2026-06-16T19:04:58Z"}
{"lane_id": "lane01", "batch": "/srv/tyche/projects/limen-ai-edge-case-atlas/results/review-candidates/source-review-batches/20260617T063957Z-lane01-20bdb5cc", "status": "allocated"}
{"lane_id": "lane01", "batch": "/srv/tyche/projects/limen-ai-edge-case-atlas/results/review-candidates/source-review-batches/20260617T063957Z-lane01-20bdb5cc", "status": "complete", "verdict_counts": {"merge_existing_surface": 43, "needs_named_source_extraction": 54, "negative_evidence_candidate": 49, "source_reviewed_candidate": 6, "translation_review_needed": 8}}
{"lane_id": "lane01", "status": "empty", "timestamp": "2026-06-17T06:47:02Z"}
{"lane_id": "lane01", "batch": "/srv/tyche/projects/limen-ai-edge-case-atlas/results/review-candidates/source-review-batches/20260617T072933Z-lane01-6dd43db5", "status": "allocated"}
{"lane_id": "lane01", "batch": "/srv/tyche/projects/limen-ai-edge-case-atlas/results/review-candidates/source-review-batches/20260617T072933Z-lane01-6dd43db5", "status": "complete", "verdict_counts": {"merge_existing_surface": 106, "needs_named_source_extraction": 26, "negative_evidence_candidate": 26, "translation_review_needed": 2}}
{"lane_id": "lane01", "status": "empty", "timestamp": "2026-06-17T07:34:13Z"}
{"lane_id": "lane01", "batch": "/srv/tyche/projects/limen-ai-edge-case-atlas/results/review-candidates/source-review-batches/20260617T082930Z-lane01-ed0d2baf", "status": "allocated"}
{"lane_id": "lane01", "batch": "/srv/tyche/projects/limen-ai-edge-case-atlas/results/review-candidates/source-review-batches/20260618T132100Z-lane01-b5d9b8af", "status": "allocated"}
{"lane_id": "lane01", "batch": "/srv/tyche/projects/limen-ai-edge-case-atlas/results/review-candidates/source-review-batches/20260618T132100Z-lane01-b5d9b8af", "status": "complete", "verdict_counts": {"merge_existing_surface": 13, "needs_named_source_extraction": 4, "negative_evidence_candidate": 1, "reject_noise": 28, "source_reviewed_candidate": 66, "translation_review_needed": 48}}
{"lane_id": "lane01", "status": "empty", "timestamp": "2026-06-18T13:25:35Z"}
