{"lane_id": "lane02", "batch": "/srv/tyche/projects/limen-ai-edge-case-atlas/results/review-candidates/source-review-batches/20260614T084856Z-lane02-6f3f9f03", "status": "allocated"}
{"lane_id": "lane02", "batch": "/srv/tyche/projects/limen-ai-edge-case-atlas/results/review-candidates/source-review-batches/20260614T084856Z-lane02-6f3f9f03", "status": "complete", "verdict_counts": {"merge_existing_surface": 21, "needs_named_source_extraction": 6, "negative_evidence_candidate": 17, "reject_noise": 38, "source_reviewed_candidate": 15, "translation_review_needed": 3}}
{"lane_id": "lane02", "batch": "/srv/tyche/projects/limen-ai-edge-case-atlas/results/review-candidates/source-review-batches/20260614T091827Z-lane02-2c42807a", "status": "allocated"}
{"lane_id": "lane02", "batch": "/srv/tyche/projects/limen-ai-edge-case-atlas/results/review-candidates/source-review-batches/20260614T091827Z-lane02-2c42807a", "status": "complete", "verdict_counts": {"merge_existing_surface": 14, "needs_named_source_extraction": 22, "negative_evidence_candidate": 16, "reject_noise": 43, "source_reviewed_candidate": 2, "translation_review_needed": 3}}
{"lane_id": "lane02", "batch": "/srv/tyche/projects/limen-ai-edge-case-atlas/results/review-candidates/source-review-batches/20260614T092202Z-lane02-0db181d1", "status": "allocated"}
{"lane_id": "lane02", "batch": "/srv/tyche/projects/limen-ai-edge-case-atlas/results/review-candidates/source-review-batches/20260614T092202Z-lane02-0db181d1", "status": "complete", "verdict_counts": {"merge_existing_surface": 11, "needs_named_source_extraction": 12, "negative_evidence_candidate": 25, "reject_noise": 42, "source_reviewed_candidate": 2, "translation_review_needed": 8}}
{"lane_id": "lane02", "batch": "/srv/tyche/projects/limen-ai-edge-case-atlas/results/review-candidates/source-review-batches/20260614T092555Z-lane02-e4e99785", "status": "allocated"}
{"lane_id": "lane02", "batch": "/srv/tyche/projects/limen-ai-edge-case-atlas/results/review-candidates/source-review-batches/20260614T092555Z-lane02-e4e99785", "status": "complete", "verdict_counts": {"merge_existing_surface": 17, "needs_named_source_extraction": 17, "negative_evidence_candidate": 20, "reject_noise": 38, "source_reviewed_candidate": 7, "translation_review_needed": 1}}
{"lane_id": "lane02", "batch": "/srv/tyche/projects/limen-ai-edge-case-atlas/results/review-candidates/source-review-batches/20260614T093104Z-lane02-8fdc7260", "status": "allocated"}
{"lane_id": "lane02", "batch": "/srv/tyche/projects/limen-ai-edge-case-atlas/results/review-candidates/source-review-batches/20260614T093104Z-lane02-8fdc7260", "status": "complete", "verdict_counts": {"merge_existing_surface": 10, "needs_named_source_extraction": 19, "negative_evidence_candidate": 24, "reject_noise": 39, "source_reviewed_candidate": 6, "translation_review_needed": 2}}
{"lane_id": "lane02", "batch": "/srv/tyche/projects/limen-ai-edge-case-atlas/results/review-candidates/source-review-batches/20260614T093839Z-lane02-097d7714", "status": "allocated"}
{"lane_id": "lane02", "batch": "/srv/tyche/projects/limen-ai-edge-case-atlas/results/review-candidates/source-review-batches/20260614T093839Z-lane02-097d7714", "status": "complete", "verdict_counts": {"merge_existing_surface": 16, "needs_named_source_extraction": 9, "negative_evidence_candidate": 25, "reject_noise": 38, "source_reviewed_candidate": 8, "translation_review_needed": 4}}
{"lane_id": "lane02", "batch": "/srv/tyche/projects/limen-ai-edge-case-atlas/results/review-candidates/source-review-batches/20260614T094359Z-lane02-9b86b938", "status": "allocated"}
{"lane_id": "lane02", "batch": "/srv/tyche/projects/limen-ai-edge-case-atlas/results/review-candidates/source-review-batches/20260614T094359Z-lane02-9b86b938", "status": "complete", "verdict_counts": {"merge_existing_surface": 10, "needs_named_source_extraction": 8, "negative_evidence_candidate": 15, "reject_noise": 57, "source_reviewed_candidate": 6, "translation_review_needed": 4}}
{"lane_id": "lane02", "batch": "/srv/tyche/projects/limen-ai-edge-case-atlas/results/review-candidates/source-review-batches/20260614T095058Z-lane02-91b4ae00", "status": "allocated"}
{"lane_id": "lane02", "status": "empty", "timestamp": "2026-06-16T17:20:39Z"}
{"lane_id": "lane02", "status": "empty", "timestamp": "2026-06-16T19:03:39Z"}
{"lane_id": "lane02", "batch": "/srv/tyche/projects/limen-ai-edge-case-atlas/results/review-candidates/source-review-batches/20260617T063957Z-lane02-3d767401", "status": "allocated"}
{"lane_id": "lane02", "batch": "/srv/tyche/projects/limen-ai-edge-case-atlas/results/review-candidates/source-review-batches/20260617T063957Z-lane02-3d767401", "status": "complete", "verdict_counts": {"merge_existing_surface": 55, "needs_named_source_extraction": 36, "negative_evidence_candidate": 49, "reject_noise": 12, "source_reviewed_candidate": 7, "translation_review_needed": 1}}
{"lane_id": "lane02", "status": "empty", "timestamp": "2026-06-17T06:46:27Z"}
{"lane_id": "lane02", "batch": "/srv/tyche/projects/limen-ai-edge-case-atlas/results/review-candidates/source-review-batches/20260617T072933Z-lane02-c75ee6c0", "status": "allocated"}
{"lane_id": "lane02", "batch": "/srv/tyche/projects/limen-ai-edge-case-atlas/results/review-candidates/source-review-batches/20260617T072933Z-lane02-c75ee6c0", "status": "complete", "verdict_counts": {"merge_existing_surface": 103, "needs_named_source_extraction": 22, "negative_evidence_candidate": 28, "source_reviewed_candidate": 2, "translation_review_needed": 5}}
{"lane_id": "lane02", "status": "empty", "timestamp": "2026-06-17T07:34:18Z"}
{"lane_id": "lane02", "batch": "/srv/tyche/projects/limen-ai-edge-case-atlas/results/review-candidates/source-review-batches/20260618T132100Z-lane02-19a87176", "status": "allocated"}
{"lane_id": "lane02", "batch": "/srv/tyche/projects/limen-ai-edge-case-atlas/results/review-candidates/source-review-batches/20260618T132100Z-lane02-19a87176", "status": "complete", "verdict_counts": {"merge_existing_surface": 3, "needs_named_source_extraction": 2, "negative_evidence_candidate": 2, "reject_noise": 5, "source_reviewed_candidate": 1}}
{"lane_id": "lane02", "status": "empty", "timestamp": "2026-06-18T13:26:09Z"}
