{"lane_id": "lane11", "batch": "/srv/tyche/projects/limen-ai-edge-case-atlas/results/review-candidates/source-review-batches/20260614T084857Z-lane11-59e2b76b", "status": "allocated"}
{"lane_id": "lane11", "batch": "/srv/tyche/projects/limen-ai-edge-case-atlas/results/review-candidates/source-review-batches/20260614T084857Z-lane11-59e2b76b", "status": "complete", "verdict_counts": {"merge_existing_surface": 18, "needs_named_source_extraction": 21, "negative_evidence_candidate": 17, "reject_noise": 12, "source_reviewed_candidate": 22, "translation_review_needed": 10}}
{"lane_id": "lane11", "batch": "/srv/tyche/projects/limen-ai-edge-case-atlas/results/review-candidates/source-review-batches/20260614T085349Z-lane11-1d54531e", "status": "allocated"}
{"lane_id": "lane11", "batch": "/srv/tyche/projects/limen-ai-edge-case-atlas/results/review-candidates/source-review-batches/20260614T085349Z-lane11-1d54531e", "status": "complete", "verdict_counts": {"merge_existing_surface": 19, "needs_named_source_extraction": 12, "negative_evidence_candidate": 31, "reject_noise": 18, "source_reviewed_candidate": 14, "translation_review_needed": 6}}
{"lane_id": "lane11", "batch": "/srv/tyche/projects/limen-ai-edge-case-atlas/results/review-candidates/source-review-batches/20260614T085853Z-lane11-93bb235a", "status": "allocated"}
{"lane_id": "lane11", "batch": "/srv/tyche/projects/limen-ai-edge-case-atlas/results/review-candidates/source-review-batches/20260614T085853Z-lane11-93bb235a", "status": "complete", "verdict_counts": {"merge_existing_surface": 23, "needs_named_source_extraction": 13, "negative_evidence_candidate": 26, "reject_noise": 23, "source_reviewed_candidate": 9, "translation_review_needed": 6}}
{"lane_id": "lane11", "batch": "/srv/tyche/projects/limen-ai-edge-case-atlas/results/review-candidates/source-review-batches/20260614T090539Z-lane11-ae26ab41", "status": "allocated"}
{"lane_id": "lane11", "batch": "/srv/tyche/projects/limen-ai-edge-case-atlas/results/review-candidates/source-review-batches/20260614T090539Z-lane11-ae26ab41", "status": "complete", "verdict_counts": {"merge_existing_surface": 15, "needs_named_source_extraction": 26, "negative_evidence_candidate": 24, "reject_noise": 25, "source_reviewed_candidate": 7, "translation_review_needed": 3}}
{"lane_id": "lane11", "batch": "/srv/tyche/projects/limen-ai-edge-case-atlas/results/review-candidates/source-review-batches/20260614T090953Z-lane11-106bd66c", "status": "allocated"}
{"lane_id": "lane11", "batch": "/srv/tyche/projects/limen-ai-edge-case-atlas/results/review-candidates/source-review-batches/20260614T090953Z-lane11-106bd66c", "status": "complete", "verdict_counts": {"merge_existing_surface": 9, "needs_named_source_extraction": 21, "negative_evidence_candidate": 27, "reject_noise": 35, "source_reviewed_candidate": 6, "translation_review_needed": 2}}
{"lane_id": "lane11", "batch": "/srv/tyche/projects/limen-ai-edge-case-atlas/results/review-candidates/source-review-batches/20260614T091501Z-lane11-bde11f9a", "status": "allocated"}
{"lane_id": "lane11", "batch": "/srv/tyche/projects/limen-ai-edge-case-atlas/results/review-candidates/source-review-batches/20260614T091501Z-lane11-bde11f9a", "status": "complete", "verdict_counts": {"merge_existing_surface": 10, "needs_named_source_extraction": 16, "negative_evidence_candidate": 23, "reject_noise": 44, "source_reviewed_candidate": 5, "translation_review_needed": 2}}
{"lane_id": "lane11", "batch": "/srv/tyche/projects/limen-ai-edge-case-atlas/results/review-candidates/source-review-batches/20260614T092220Z-lane11-9cb89784", "status": "allocated"}
{"lane_id": "lane11", "batch": "/srv/tyche/projects/limen-ai-edge-case-atlas/results/review-candidates/source-review-batches/20260614T092220Z-lane11-9cb89784", "status": "complete", "verdict_counts": {"merge_existing_surface": 21, "needs_named_source_extraction": 14, "negative_evidence_candidate": 16, "reject_noise": 43, "translation_review_needed": 6}}
{"lane_id": "lane11", "batch": "/srv/tyche/projects/limen-ai-edge-case-atlas/results/review-candidates/source-review-batches/20260614T092547Z-lane11-9ef54638", "status": "allocated"}
{"lane_id": "lane11", "batch": "/srv/tyche/projects/limen-ai-edge-case-atlas/results/review-candidates/source-review-batches/20260614T092547Z-lane11-9ef54638", "status": "complete", "verdict_counts": {"merge_existing_surface": 12, "needs_named_source_extraction": 28, "negative_evidence_candidate": 19, "reject_noise": 33, "source_reviewed_candidate": 5, "translation_review_needed": 3}}
{"lane_id": "lane11", "batch": "/srv/tyche/projects/limen-ai-edge-case-atlas/results/review-candidates/source-review-batches/20260614T093249Z-lane11-9e1fd811", "status": "allocated"}
{"lane_id": "lane11", "batch": "/srv/tyche/projects/limen-ai-edge-case-atlas/results/review-candidates/source-review-batches/20260614T093249Z-lane11-9e1fd811", "status": "complete", "verdict_counts": {"merge_existing_surface": 16, "needs_named_source_extraction": 6, "negative_evidence_candidate": 23, "reject_noise": 50, "source_reviewed_candidate": 2, "translation_review_needed": 3}}
{"lane_id": "lane11", "batch": "/srv/tyche/projects/limen-ai-edge-case-atlas/results/review-candidates/source-review-batches/20260614T093805Z-lane11-8355cd25", "status": "allocated"}
{"lane_id": "lane11", "batch": "/srv/tyche/projects/limen-ai-edge-case-atlas/results/review-candidates/source-review-batches/20260614T093805Z-lane11-8355cd25", "status": "complete", "verdict_counts": {"merge_existing_surface": 14, "needs_named_source_extraction": 20, "negative_evidence_candidate": 16, "reject_noise": 43, "source_reviewed_candidate": 5, "translation_review_needed": 2}}
{"lane_id": "lane11", "batch": "/srv/tyche/projects/limen-ai-edge-case-atlas/results/review-candidates/source-review-batches/20260614T094443Z-lane11-4ff7f721", "status": "allocated"}
{"lane_id": "lane11", "status": "empty", "timestamp": "2026-06-16T17:20:41Z"}
{"lane_id": "lane11", "status": "empty", "timestamp": "2026-06-16T19:03:41Z"}
{"lane_id": "lane11", "batch": "/srv/tyche/projects/limen-ai-edge-case-atlas/results/review-candidates/source-review-batches/20260617T063959Z-lane11-0afe74d8", "status": "allocated"}
{"lane_id": "lane11", "batch": "/srv/tyche/projects/limen-ai-edge-case-atlas/results/review-candidates/source-review-batches/20260617T063959Z-lane11-0afe74d8", "status": "complete", "verdict_counts": {"merge_existing_surface": 15, "needs_named_source_extraction": 95, "negative_evidence_candidate": 37, "reject_noise": 1, "source_reviewed_candidate": 10, "translation_review_needed": 2}}
{"lane_id": "lane11", "status": "empty", "timestamp": "2026-06-17T06:46:04Z"}
{"lane_id": "lane11", "batch": "/srv/tyche/projects/limen-ai-edge-case-atlas/results/review-candidates/source-review-batches/20260617T072935Z-lane11-b4b8fb40", "status": "allocated"}
{"lane_id": "lane11", "batch": "/srv/tyche/projects/limen-ai-edge-case-atlas/results/review-candidates/source-review-batches/20260617T072935Z-lane11-b4b8fb40", "status": "complete", "verdict_counts": {"merge_existing_surface": 47, "needs_named_source_extraction": 94, "negative_evidence_candidate": 17, "source_reviewed_candidate": 2}}
{"lane_id": "lane11", "status": "empty", "timestamp": "2026-06-17T07:33:26Z"}
{"lane_id": "lane11", "status": "empty", "timestamp": "2026-06-18T13:23:02Z"}
