{"lane_id": "lane10", "batch": "/srv/tyche/projects/limen-ai-edge-case-atlas/results/review-candidates/source-review-batches/20260614T084857Z-lane10-13f07521", "status": "allocated"}
{"lane_id": "lane10", "batch": "/srv/tyche/projects/limen-ai-edge-case-atlas/results/review-candidates/source-review-batches/20260614T084857Z-lane10-13f07521", "status": "complete", "verdict_counts": {"merge_existing_surface": 18, "needs_named_source_extraction": 4, "negative_evidence_candidate": 31, "reject_noise": 27, "source_reviewed_candidate": 15, "translation_review_needed": 5}}
{"lane_id": "lane10", "batch": "/srv/tyche/projects/limen-ai-edge-case-atlas/results/review-candidates/source-review-batches/20260614T085302Z-lane10-53914d10", "status": "allocated"}
{"lane_id": "lane10", "batch": "/srv/tyche/projects/limen-ai-edge-case-atlas/results/review-candidates/source-review-batches/20260614T085302Z-lane10-53914d10", "status": "complete", "verdict_counts": {"merge_existing_surface": 25, "needs_named_source_extraction": 9, "negative_evidence_candidate": 20, "reject_noise": 23, "source_reviewed_candidate": 20, "translation_review_needed": 3}}
{"lane_id": "lane10", "batch": "/srv/tyche/projects/limen-ai-edge-case-atlas/results/review-candidates/source-review-batches/20260614T085920Z-lane10-171889e5", "status": "allocated"}
{"lane_id": "lane10", "batch": "/srv/tyche/projects/limen-ai-edge-case-atlas/results/review-candidates/source-review-batches/20260614T085920Z-lane10-171889e5", "status": "complete", "verdict_counts": {"merge_existing_surface": 10, "needs_named_source_extraction": 28, "negative_evidence_candidate": 24, "reject_noise": 24, "translation_review_needed": 14}}
{"lane_id": "lane10", "batch": "/srv/tyche/projects/limen-ai-edge-case-atlas/results/review-candidates/source-review-batches/20260614T090111Z-lane10-ab033dd6", "status": "allocated"}
{"lane_id": "lane10", "batch": "/srv/tyche/projects/limen-ai-edge-case-atlas/results/review-candidates/source-review-batches/20260614T090111Z-lane10-ab033dd6", "status": "complete", "verdict_counts": {"merge_existing_surface": 24, "needs_named_source_extraction": 16, "negative_evidence_candidate": 25, "reject_noise": 18, "source_reviewed_candidate": 10, "translation_review_needed": 7}}
{"lane_id": "lane10", "batch": "/srv/tyche/projects/limen-ai-edge-case-atlas/results/review-candidates/source-review-batches/20260614T090543Z-lane10-288d0149", "status": "allocated"}
{"lane_id": "lane10", "batch": "/srv/tyche/projects/limen-ai-edge-case-atlas/results/review-candidates/source-review-batches/20260614T090543Z-lane10-288d0149", "status": "complete", "verdict_counts": {"merge_existing_surface": 9, "needs_named_source_extraction": 18, "negative_evidence_candidate": 23, "reject_noise": 47, "source_reviewed_candidate": 3}}
{"lane_id": "lane10", "batch": "/srv/tyche/projects/limen-ai-edge-case-atlas/results/review-candidates/source-review-batches/20260614T091314Z-lane10-87a91cea", "status": "allocated"}
{"lane_id": "lane10", "batch": "/srv/tyche/projects/limen-ai-edge-case-atlas/results/review-candidates/source-review-batches/20260614T091314Z-lane10-87a91cea", "status": "complete", "verdict_counts": {"merge_existing_surface": 13, "needs_named_source_extraction": 8, "negative_evidence_candidate": 27, "reject_noise": 45, "source_reviewed_candidate": 7}}
{"lane_id": "lane10", "batch": "/srv/tyche/projects/limen-ai-edge-case-atlas/results/review-candidates/source-review-batches/20260614T092014Z-lane10-1f2ff6f1", "status": "allocated"}
{"lane_id": "lane10", "batch": "/srv/tyche/projects/limen-ai-edge-case-atlas/results/review-candidates/source-review-batches/20260614T092014Z-lane10-1f2ff6f1", "status": "complete", "verdict_counts": {"merge_existing_surface": 13, "needs_named_source_extraction": 7, "negative_evidence_candidate": 23, "reject_noise": 48, "source_reviewed_candidate": 6, "translation_review_needed": 3}}
{"lane_id": "lane10", "batch": "/srv/tyche/projects/limen-ai-edge-case-atlas/results/review-candidates/source-review-batches/20260614T092527Z-lane10-5ead261c", "status": "allocated"}
{"lane_id": "lane10", "batch": "/srv/tyche/projects/limen-ai-edge-case-atlas/results/review-candidates/source-review-batches/20260614T092527Z-lane10-5ead261c", "status": "complete", "verdict_counts": {"merge_existing_surface": 19, "needs_named_source_extraction": 18, "negative_evidence_candidate": 22, "reject_noise": 37, "source_reviewed_candidate": 3, "translation_review_needed": 1}}
{"lane_id": "lane10", "batch": "/srv/tyche/projects/limen-ai-edge-case-atlas/results/review-candidates/source-review-batches/20260614T093113Z-lane10-fc106c63", "status": "allocated"}
{"lane_id": "lane10", "batch": "/srv/tyche/projects/limen-ai-edge-case-atlas/results/review-candidates/source-review-batches/20260614T093113Z-lane10-fc106c63", "status": "complete", "verdict_counts": {"merge_existing_surface": 14, "needs_named_source_extraction": 10, "negative_evidence_candidate": 25, "reject_noise": 42, "source_reviewed_candidate": 7, "translation_review_needed": 2}}
{"lane_id": "lane10", "batch": "/srv/tyche/projects/limen-ai-edge-case-atlas/results/review-candidates/source-review-batches/20260614T093557Z-lane10-106ca778", "status": "allocated"}
{"lane_id": "lane10", "batch": "/srv/tyche/projects/limen-ai-edge-case-atlas/results/review-candidates/source-review-batches/20260614T093557Z-lane10-106ca778", "status": "complete", "verdict_counts": {"merge_existing_surface": 16, "needs_named_source_extraction": 7, "negative_evidence_candidate": 24, "reject_noise": 39, "source_reviewed_candidate": 11, "translation_review_needed": 3}}
{"lane_id": "lane10", "batch": "/srv/tyche/projects/limen-ai-edge-case-atlas/results/review-candidates/source-review-batches/20260614T094156Z-lane10-58ed21e9", "status": "allocated"}
{"lane_id": "lane10", "batch": "/srv/tyche/projects/limen-ai-edge-case-atlas/results/review-candidates/source-review-batches/20260614T094156Z-lane10-58ed21e9", "status": "complete", "verdict_counts": {"merge_existing_surface": 11, "needs_named_source_extraction": 15, "negative_evidence_candidate": 25, "reject_noise": 38, "source_reviewed_candidate": 9, "translation_review_needed": 2}}
{"lane_id": "lane10", "batch": "/srv/tyche/projects/limen-ai-edge-case-atlas/results/review-candidates/source-review-batches/20260614T094850Z-lane10-e0d97a5e", "status": "allocated"}
{"lane_id": "lane10", "status": "empty", "timestamp": "2026-06-16T17:20:41Z"}
{"lane_id": "lane10", "status": "empty", "timestamp": "2026-06-16T19:03:40Z"}
{"lane_id": "lane10", "batch": "/srv/tyche/projects/limen-ai-edge-case-atlas/results/review-candidates/source-review-batches/20260617T063959Z-lane10-e24eab8f", "status": "allocated"}
{"lane_id": "lane10", "batch": "/srv/tyche/projects/limen-ai-edge-case-atlas/results/review-candidates/source-review-batches/20260617T063959Z-lane10-e24eab8f", "status": "complete", "verdict_counts": {"merge_existing_surface": 2, "needs_named_source_extraction": 69, "negative_evidence_candidate": 59, "reject_noise": 17, "source_reviewed_candidate": 12, "translation_review_needed": 1}}
{"lane_id": "lane10", "status": "empty", "timestamp": "2026-06-17T06:45:34Z"}
{"lane_id": "lane10", "batch": "/srv/tyche/projects/limen-ai-edge-case-atlas/results/review-candidates/source-review-batches/20260617T072935Z-lane10-1953bc8f", "status": "allocated"}
{"lane_id": "lane10", "batch": "/srv/tyche/projects/limen-ai-edge-case-atlas/results/review-candidates/source-review-batches/20260617T072935Z-lane10-1953bc8f", "status": "complete", "verdict_counts": {"merge_existing_surface": 13, "needs_named_source_extraction": 129, "negative_evidence_candidate": 12, "source_reviewed_candidate": 6}}
{"lane_id": "lane10", "status": "empty", "timestamp": "2026-06-17T07:34:20Z"}
{"lane_id": "lane10", "status": "empty", "timestamp": "2026-06-18T13:23:02Z"}
