{"lane_id": "lane04", "batch": "/srv/tyche/projects/limen-ai-edge-case-atlas/results/review-candidates/source-review-batches/20260614T084856Z-lane04-afb1330c", "status": "allocated"}
{"lane_id": "lane04", "batch": "/srv/tyche/projects/limen-ai-edge-case-atlas/results/review-candidates/source-review-batches/20260614T084856Z-lane04-afb1330c", "status": "complete", "verdict_counts": {"merge_existing_surface": 27, "needs_named_source_extraction": 7, "negative_evidence_candidate": 18, "reject_noise": 27, "source_reviewed_candidate": 12, "translation_review_needed": 9}}
{"lane_id": "lane04", "batch": "/srv/tyche/projects/limen-ai-edge-case-atlas/results/review-candidates/source-review-batches/20260614T085431Z-lane04-9175f482", "status": "allocated"}
{"lane_id": "lane04", "batch": "/srv/tyche/projects/limen-ai-edge-case-atlas/results/review-candidates/source-review-batches/20260614T085431Z-lane04-9175f482", "status": "complete", "verdict_counts": {"merge_existing_surface": 21, "needs_named_source_extraction": 13, "negative_evidence_candidate": 20, "reject_noise": 21, "source_reviewed_candidate": 17, "translation_review_needed": 8}}
{"lane_id": "lane04", "batch": "/srv/tyche/projects/limen-ai-edge-case-atlas/results/review-candidates/source-review-batches/20260614T085821Z-lane04-b9bfefe1", "status": "allocated"}
{"lane_id": "lane04", "batch": "/srv/tyche/projects/limen-ai-edge-case-atlas/results/review-candidates/source-review-batches/20260614T085821Z-lane04-b9bfefe1", "status": "complete", "verdict_counts": {"merge_existing_surface": 15, "needs_named_source_extraction": 10, "negative_evidence_candidate": 22, "reject_noise": 23, "source_reviewed_candidate": 16, "translation_review_needed": 14}}
{"lane_id": "lane04", "batch": "/srv/tyche/projects/limen-ai-edge-case-atlas/results/review-candidates/source-review-batches/20260614T090505Z-lane04-6ab5e50c", "status": "allocated"}
{"lane_id": "lane04", "batch": "/srv/tyche/projects/limen-ai-edge-case-atlas/results/review-candidates/source-review-batches/20260614T090505Z-lane04-6ab5e50c", "status": "complete", "verdict_counts": {"merge_existing_surface": 13, "needs_named_source_extraction": 17, "negative_evidence_candidate": 21, "reject_noise": 21, "source_reviewed_candidate": 22, "translation_review_needed": 6}}
{"lane_id": "lane04", "batch": "/srv/tyche/projects/limen-ai-edge-case-atlas/results/review-candidates/source-review-batches/20260614T091004Z-lane04-eb50dc03", "status": "allocated"}
{"lane_id": "lane04", "batch": "/srv/tyche/projects/limen-ai-edge-case-atlas/results/review-candidates/source-review-batches/20260614T091004Z-lane04-eb50dc03", "status": "complete", "verdict_counts": {"merge_existing_surface": 13, "needs_named_source_extraction": 21, "negative_evidence_candidate": 26, "reject_noise": 34, "source_reviewed_candidate": 4, "translation_review_needed": 2}}
{"lane_id": "lane04", "batch": "/srv/tyche/projects/limen-ai-edge-case-atlas/results/review-candidates/source-review-batches/20260614T091506Z-lane04-b28f3389", "status": "allocated"}
{"lane_id": "lane04", "batch": "/srv/tyche/projects/limen-ai-edge-case-atlas/results/review-candidates/source-review-batches/20260614T091506Z-lane04-b28f3389", "status": "complete", "verdict_counts": {"merge_existing_surface": 17, "needs_named_source_extraction": 10, "negative_evidence_candidate": 21, "reject_noise": 42, "source_reviewed_candidate": 9, "translation_review_needed": 1}}
{"lane_id": "lane04", "batch": "/srv/tyche/projects/limen-ai-edge-case-atlas/results/review-candidates/source-review-batches/20260614T092034Z-lane04-ecb95589", "status": "allocated"}
{"lane_id": "lane04", "batch": "/srv/tyche/projects/limen-ai-edge-case-atlas/results/review-candidates/source-review-batches/20260614T092034Z-lane04-ecb95589", "status": "complete", "verdict_counts": {"merge_existing_surface": 14, "needs_named_source_extraction": 36, "negative_evidence_candidate": 20, "reject_noise": 23, "source_reviewed_candidate": 4, "translation_review_needed": 3}}
{"lane_id": "lane04", "batch": "/srv/tyche/projects/limen-ai-edge-case-atlas/results/review-candidates/source-review-batches/20260614T092433Z-lane04-14ab151a", "status": "allocated"}
{"lane_id": "lane04", "batch": "/srv/tyche/projects/limen-ai-edge-case-atlas/results/review-candidates/source-review-batches/20260614T092433Z-lane04-14ab151a", "status": "complete", "verdict_counts": {"merge_existing_surface": 4, "needs_named_source_extraction": 18, "negative_evidence_candidate": 22, "reject_noise": 50, "source_reviewed_candidate": 5, "translation_review_needed": 1}}
{"lane_id": "lane04", "batch": "/srv/tyche/projects/limen-ai-edge-case-atlas/results/review-candidates/source-review-batches/20260614T093031Z-lane04-9a930217", "status": "allocated"}
{"lane_id": "lane04", "batch": "/srv/tyche/projects/limen-ai-edge-case-atlas/results/review-candidates/source-review-batches/20260614T093031Z-lane04-9a930217", "status": "complete", "verdict_counts": {"merge_existing_surface": 6, "needs_named_source_extraction": 15, "negative_evidence_candidate": 29, "reject_noise": 39, "source_reviewed_candidate": 8, "translation_review_needed": 3}}
{"lane_id": "lane04", "batch": "/srv/tyche/projects/limen-ai-edge-case-atlas/results/review-candidates/source-review-batches/20260614T093455Z-lane04-226a2c1e", "status": "allocated"}
{"lane_id": "lane04", "batch": "/srv/tyche/projects/limen-ai-edge-case-atlas/results/review-candidates/source-review-batches/20260614T093455Z-lane04-226a2c1e", "status": "complete", "verdict_counts": {"merge_existing_surface": 13, "needs_named_source_extraction": 24, "negative_evidence_candidate": 25, "reject_noise": 29, "source_reviewed_candidate": 8, "translation_review_needed": 1}}
{"lane_id": "lane04", "batch": "/srv/tyche/projects/limen-ai-edge-case-atlas/results/review-candidates/source-review-batches/20260614T094346Z-lane04-184a11d5", "status": "allocated"}
{"lane_id": "lane04", "batch": "/srv/tyche/projects/limen-ai-edge-case-atlas/results/review-candidates/source-review-batches/20260614T094346Z-lane04-184a11d5", "status": "complete", "verdict_counts": {"merge_existing_surface": 7, "needs_named_source_extraction": 16, "negative_evidence_candidate": 24, "reject_noise": 45, "source_reviewed_candidate": 6, "translation_review_needed": 2}}
{"lane_id": "lane04", "batch": "/srv/tyche/projects/limen-ai-edge-case-atlas/results/review-candidates/source-review-batches/20260614T094942Z-lane04-0e051461", "status": "allocated"}
{"lane_id": "lane04", "status": "empty", "timestamp": "2026-06-16T17:20:40Z"}
{"lane_id": "lane04", "status": "empty", "timestamp": "2026-06-16T19:03:39Z"}
{"lane_id": "lane04", "batch": "/srv/tyche/projects/limen-ai-edge-case-atlas/results/review-candidates/source-review-batches/20260617T063957Z-lane04-4371cf54", "status": "allocated"}
{"lane_id": "lane04", "batch": "/srv/tyche/projects/limen-ai-edge-case-atlas/results/review-candidates/source-review-batches/20260617T063957Z-lane04-4371cf54", "status": "complete", "verdict_counts": {"merge_existing_surface": 47, "needs_named_source_extraction": 44, "negative_evidence_candidate": 47, "source_reviewed_candidate": 16, "translation_review_needed": 6}}
{"lane_id": "lane04", "status": "empty", "timestamp": "2026-06-17T06:48:50Z"}
{"lane_id": "lane04", "batch": "/srv/tyche/projects/limen-ai-edge-case-atlas/results/review-candidates/source-review-batches/20260617T072934Z-lane04-761355a8", "status": "allocated"}
{"lane_id": "lane04", "batch": "/srv/tyche/projects/limen-ai-edge-case-atlas/results/review-candidates/source-review-batches/20260617T072934Z-lane04-761355a8", "status": "complete", "verdict_counts": {"merge_existing_surface": 108, "needs_named_source_extraction": 17, "negative_evidence_candidate": 31, "translation_review_needed": 4}}
{"lane_id": "lane04", "status": "empty", "timestamp": "2026-06-17T07:34:29Z"}
{"lane_id": "lane04", "status": "empty", "timestamp": "2026-06-18T13:23:01Z"}
