{"lane_id": "lane07", "batch": "/srv/tyche/projects/limen-ai-edge-case-atlas/results/review-candidates/source-review-batches/20260614T084856Z-lane07-e68befab", "status": "allocated"}
{"lane_id": "lane07", "batch": "/srv/tyche/projects/limen-ai-edge-case-atlas/results/review-candidates/source-review-batches/20260614T084856Z-lane07-e68befab", "status": "complete", "verdict_counts": {"merge_existing_surface": 31, "needs_named_source_extraction": 14, "negative_evidence_candidate": 20, "reject_noise": 24, "source_reviewed_candidate": 9, "translation_review_needed": 2}}
{"lane_id": "lane07", "batch": "/srv/tyche/projects/limen-ai-edge-case-atlas/results/review-candidates/source-review-batches/20260614T085453Z-lane07-0b02e1c7", "status": "allocated"}
{"lane_id": "lane07", "batch": "/srv/tyche/projects/limen-ai-edge-case-atlas/results/review-candidates/source-review-batches/20260614T085453Z-lane07-0b02e1c7", "status": "complete", "verdict_counts": {"merge_existing_surface": 26, "needs_named_source_extraction": 17, "negative_evidence_candidate": 14, "reject_noise": 23, "source_reviewed_candidate": 15, "translation_review_needed": 5}}
{"lane_id": "lane07", "batch": "/srv/tyche/projects/limen-ai-edge-case-atlas/results/review-candidates/source-review-batches/20260614T090234Z-lane07-a68f4c17", "status": "allocated"}
{"lane_id": "lane07", "batch": "/srv/tyche/projects/limen-ai-edge-case-atlas/results/review-candidates/source-review-batches/20260614T090234Z-lane07-a68f4c17", "status": "complete", "verdict_counts": {"merge_existing_surface": 22, "needs_named_source_extraction": 23, "negative_evidence_candidate": 20, "reject_noise": 20, "source_reviewed_candidate": 10, "translation_review_needed": 5}}
{"lane_id": "lane07", "batch": "/srv/tyche/projects/limen-ai-edge-case-atlas/results/review-candidates/source-review-batches/20260614T091814Z-lane07-9e1d20a9", "status": "allocated"}
{"lane_id": "lane07", "batch": "/srv/tyche/projects/limen-ai-edge-case-atlas/results/review-candidates/source-review-batches/20260614T091814Z-lane07-9e1d20a9", "status": "complete", "verdict_counts": {"merge_existing_surface": 11, "needs_named_source_extraction": 1, "negative_evidence_candidate": 33, "reject_noise": 46, "source_reviewed_candidate": 5, "translation_review_needed": 4}}
{"lane_id": "lane07", "batch": "/srv/tyche/projects/limen-ai-edge-case-atlas/results/review-candidates/source-review-batches/20260614T092334Z-lane07-6c855acc", "status": "allocated"}
{"lane_id": "lane07", "batch": "/srv/tyche/projects/limen-ai-edge-case-atlas/results/review-candidates/source-review-batches/20260614T092334Z-lane07-6c855acc", "status": "complete", "verdict_counts": {"merge_existing_surface": 6, "needs_named_source_extraction": 9, "negative_evidence_candidate": 27, "reject_noise": 46, "source_reviewed_candidate": 6, "translation_review_needed": 6}}
{"lane_id": "lane07", "batch": "/srv/tyche/projects/limen-ai-edge-case-atlas/results/review-candidates/source-review-batches/20260614T092802Z-lane07-23eb854e", "status": "allocated"}
{"lane_id": "lane07", "batch": "/srv/tyche/projects/limen-ai-edge-case-atlas/results/review-candidates/source-review-batches/20260614T092802Z-lane07-23eb854e", "status": "complete", "verdict_counts": {"merge_existing_surface": 12, "needs_named_source_extraction": 2, "negative_evidence_candidate": 23, "reject_noise": 49, "source_reviewed_candidate": 14}}
{"lane_id": "lane07", "batch": "/srv/tyche/projects/limen-ai-edge-case-atlas/results/review-candidates/source-review-batches/20260614T093604Z-lane07-36e7cbf7", "status": "allocated"}
{"lane_id": "lane07", "batch": "/srv/tyche/projects/limen-ai-edge-case-atlas/results/review-candidates/source-review-batches/20260614T093604Z-lane07-36e7cbf7", "status": "complete", "verdict_counts": {"merge_existing_surface": 18, "needs_named_source_extraction": 16, "negative_evidence_candidate": 20, "reject_noise": 41, "source_reviewed_candidate": 3, "translation_review_needed": 2}}
{"lane_id": "lane07", "batch": "/srv/tyche/projects/limen-ai-edge-case-atlas/results/review-candidates/source-review-batches/20260614T094158Z-lane07-2613cd83", "status": "allocated"}
{"lane_id": "lane07", "batch": "/srv/tyche/projects/limen-ai-edge-case-atlas/results/review-candidates/source-review-batches/20260614T094158Z-lane07-2613cd83", "status": "complete", "verdict_counts": {"merge_existing_surface": 9, "needs_named_source_extraction": 18, "negative_evidence_candidate": 23, "reject_noise": 41, "source_reviewed_candidate": 7, "translation_review_needed": 2}}
{"lane_id": "lane07", "batch": "/srv/tyche/projects/limen-ai-edge-case-atlas/results/review-candidates/source-review-batches/20260614T094839Z-lane07-5bf27fd8", "status": "allocated"}
{"lane_id": "lane07", "status": "empty", "timestamp": "2026-06-16T17:20:40Z"}
{"lane_id": "lane07", "status": "empty", "timestamp": "2026-06-16T19:03:40Z"}
{"lane_id": "lane07", "batch": "/srv/tyche/projects/limen-ai-edge-case-atlas/results/review-candidates/source-review-batches/20260617T063958Z-lane07-37ff080b", "status": "allocated"}
{"lane_id": "lane07", "batch": "/srv/tyche/projects/limen-ai-edge-case-atlas/results/review-candidates/source-review-batches/20260617T063958Z-lane07-37ff080b", "status": "complete", "verdict_counts": {"needs_named_source_extraction": 104, "negative_evidence_candidate": 46, "reject_noise": 2, "source_reviewed_candidate": 6, "translation_review_needed": 2}}
{"lane_id": "lane07", "status": "empty", "timestamp": "2026-06-17T06:45:51Z"}
{"lane_id": "lane07", "batch": "/srv/tyche/projects/limen-ai-edge-case-atlas/results/review-candidates/source-review-batches/20260617T072934Z-lane07-b4c2bee6", "status": "allocated"}
{"lane_id": "lane07", "batch": "/srv/tyche/projects/limen-ai-edge-case-atlas/results/review-candidates/source-review-batches/20260617T072934Z-lane07-b4c2bee6", "status": "complete", "verdict_counts": {"merge_existing_surface": 115, "needs_named_source_extraction": 13, "negative_evidence_candidate": 27, "source_reviewed_candidate": 3, "translation_review_needed": 2}}
{"lane_id": "lane07", "status": "empty", "timestamp": "2026-06-17T07:34:05Z"}
{"lane_id": "lane07", "status": "empty", "timestamp": "2026-06-18T13:23:01Z"}
