{"lane_id": "lane08", "batch": "/srv/tyche/projects/limen-ai-edge-case-atlas/results/review-candidates/source-review-batches/20260614T084857Z-lane08-b68d7e80", "status": "allocated"}
{"lane_id": "lane08", "batch": "/srv/tyche/projects/limen-ai-edge-case-atlas/results/review-candidates/source-review-batches/20260614T084857Z-lane08-b68d7e80", "status": "complete", "verdict_counts": {"merge_existing_surface": 29, "needs_named_source_extraction": 4, "negative_evidence_candidate": 22, "reject_noise": 28, "source_reviewed_candidate": 14, "translation_review_needed": 3}}
{"lane_id": "lane08", "batch": "/srv/tyche/projects/limen-ai-edge-case-atlas/results/review-candidates/source-review-batches/20260614T085451Z-lane08-82c6241e", "status": "allocated"}
{"lane_id": "lane08", "batch": "/srv/tyche/projects/limen-ai-edge-case-atlas/results/review-candidates/source-review-batches/20260614T085451Z-lane08-82c6241e", "status": "complete", "verdict_counts": {"merge_existing_surface": 27, "needs_named_source_extraction": 13, "negative_evidence_candidate": 20, "reject_noise": 23, "source_reviewed_candidate": 13, "translation_review_needed": 4}}
{"lane_id": "lane08", "batch": "/srv/tyche/projects/limen-ai-edge-case-atlas/results/review-candidates/source-review-batches/20260614T085901Z-lane08-3ceac98d", "status": "allocated"}
{"lane_id": "lane08", "batch": "/srv/tyche/projects/limen-ai-edge-case-atlas/results/review-candidates/source-review-batches/20260614T085901Z-lane08-3ceac98d", "status": "complete", "verdict_counts": {"merge_existing_surface": 15, "needs_named_source_extraction": 14, "negative_evidence_candidate": 27, "reject_noise": 26, "source_reviewed_candidate": 7, "translation_review_needed": 11}}
{"lane_id": "lane08", "batch": "/srv/tyche/projects/limen-ai-edge-case-atlas/results/review-candidates/source-review-batches/20260614T090436Z-lane08-5b158ada", "status": "allocated"}
{"lane_id": "lane08", "batch": "/srv/tyche/projects/limen-ai-edge-case-atlas/results/review-candidates/source-review-batches/20260614T090436Z-lane08-5b158ada", "status": "complete", "verdict_counts": {"merge_existing_surface": 20, "needs_named_source_extraction": 5, "negative_evidence_candidate": 25, "reject_noise": 25, "source_reviewed_candidate": 17, "translation_review_needed": 8}}
{"lane_id": "lane08", "batch": "/srv/tyche/projects/limen-ai-edge-case-atlas/results/review-candidates/source-review-batches/20260614T091103Z-lane08-a2f1874b", "status": "allocated"}
{"lane_id": "lane08", "batch": "/srv/tyche/projects/limen-ai-edge-case-atlas/results/review-candidates/source-review-batches/20260614T091103Z-lane08-a2f1874b", "status": "complete", "verdict_counts": {"merge_existing_surface": 10, "needs_named_source_extraction": 33, "negative_evidence_candidate": 22, "reject_noise": 28, "source_reviewed_candidate": 4, "translation_review_needed": 3}}
{"lane_id": "lane08", "batch": "/srv/tyche/projects/limen-ai-edge-case-atlas/results/review-candidates/source-review-batches/20260614T091627Z-lane08-3c74ea87", "status": "allocated"}
{"lane_id": "lane08", "batch": "/srv/tyche/projects/limen-ai-edge-case-atlas/results/review-candidates/source-review-batches/20260614T091627Z-lane08-3c74ea87", "status": "complete", "verdict_counts": {"merge_existing_surface": 13, "needs_named_source_extraction": 17, "negative_evidence_candidate": 29, "reject_noise": 36, "source_reviewed_candidate": 2, "translation_review_needed": 3}}
{"lane_id": "lane08", "batch": "/srv/tyche/projects/limen-ai-edge-case-atlas/results/review-candidates/source-review-batches/20260614T092208Z-lane08-83c95533", "status": "allocated"}
{"lane_id": "lane08", "batch": "/srv/tyche/projects/limen-ai-edge-case-atlas/results/review-candidates/source-review-batches/20260614T092208Z-lane08-83c95533", "status": "complete", "verdict_counts": {"merge_existing_surface": 7, "needs_named_source_extraction": 14, "negative_evidence_candidate": 33, "reject_noise": 39, "source_reviewed_candidate": 4, "translation_review_needed": 3}}
{"lane_id": "lane08", "batch": "/srv/tyche/projects/limen-ai-edge-case-atlas/results/review-candidates/source-review-batches/20260614T092652Z-lane08-1df0c087", "status": "allocated"}
{"lane_id": "lane08", "batch": "/srv/tyche/projects/limen-ai-edge-case-atlas/results/review-candidates/source-review-batches/20260614T092652Z-lane08-1df0c087", "status": "complete", "verdict_counts": {"merge_existing_surface": 8, "needs_named_source_extraction": 20, "negative_evidence_candidate": 18, "reject_noise": 49, "source_reviewed_candidate": 3, "translation_review_needed": 2}}
{"lane_id": "lane08", "batch": "/srv/tyche/projects/limen-ai-edge-case-atlas/results/review-candidates/source-review-batches/20260614T093200Z-lane08-94255b6b", "status": "allocated"}
{"lane_id": "lane08", "batch": "/srv/tyche/projects/limen-ai-edge-case-atlas/results/review-candidates/source-review-batches/20260614T093200Z-lane08-94255b6b", "status": "complete", "verdict_counts": {"merge_existing_surface": 12, "needs_named_source_extraction": 13, "negative_evidence_candidate": 21, "reject_noise": 44, "source_reviewed_candidate": 7, "translation_review_needed": 3}}
{"lane_id": "lane08", "batch": "/srv/tyche/projects/limen-ai-edge-case-atlas/results/review-candidates/source-review-batches/20260614T093558Z-lane08-3cc48b12", "status": "allocated"}
{"lane_id": "lane08", "batch": "/srv/tyche/projects/limen-ai-edge-case-atlas/results/review-candidates/source-review-batches/20260614T093558Z-lane08-3cc48b12", "status": "complete", "verdict_counts": {"merge_existing_surface": 4, "needs_named_source_extraction": 14, "negative_evidence_candidate": 28, "reject_noise": 45, "source_reviewed_candidate": 7, "translation_review_needed": 2}}
{"lane_id": "lane08", "batch": "/srv/tyche/projects/limen-ai-edge-case-atlas/results/review-candidates/source-review-batches/20260614T094248Z-lane08-e1061efd", "status": "allocated"}
{"lane_id": "lane08", "batch": "/srv/tyche/projects/limen-ai-edge-case-atlas/results/review-candidates/source-review-batches/20260614T094248Z-lane08-e1061efd", "status": "complete", "verdict_counts": {"merge_existing_surface": 13, "needs_named_source_extraction": 42, "negative_evidence_candidate": 21, "reject_noise": 15, "source_reviewed_candidate": 5, "translation_review_needed": 4}}
{"lane_id": "lane08", "batch": "/srv/tyche/projects/limen-ai-edge-case-atlas/results/review-candidates/source-review-batches/20260614T095032Z-lane08-e194f5bd", "status": "allocated"}
{"lane_id": "lane08", "status": "empty", "timestamp": "2026-06-16T17:20:40Z"}
{"lane_id": "lane08", "status": "empty", "timestamp": "2026-06-16T19:03:40Z"}
{"lane_id": "lane08", "batch": "/srv/tyche/projects/limen-ai-edge-case-atlas/results/review-candidates/source-review-batches/20260617T063958Z-lane08-b4ecfc82", "status": "allocated"}
{"lane_id": "lane08", "batch": "/srv/tyche/projects/limen-ai-edge-case-atlas/results/review-candidates/source-review-batches/20260617T063958Z-lane08-b4ecfc82", "status": "complete", "verdict_counts": {"merge_existing_surface": 2, "needs_named_source_extraction": 105, "negative_evidence_candidate": 39, "source_reviewed_candidate": 8, "translation_review_needed": 6}}
{"lane_id": "lane08", "status": "empty", "timestamp": "2026-06-17T06:45:31Z"}
{"lane_id": "lane08", "batch": "/srv/tyche/projects/limen-ai-edge-case-atlas/results/review-candidates/source-review-batches/20260617T072935Z-lane08-4686922e", "status": "allocated"}
{"lane_id": "lane08", "batch": "/srv/tyche/projects/limen-ai-edge-case-atlas/results/review-candidates/source-review-batches/20260617T072935Z-lane08-4686922e", "status": "complete", "verdict_counts": {"merge_existing_surface": 78, "needs_named_source_extraction": 58, "negative_evidence_candidate": 22, "translation_review_needed": 2}}
{"lane_id": "lane08", "status": "empty", "timestamp": "2026-06-17T07:34:41Z"}
{"lane_id": "lane08", "status": "empty", "timestamp": "2026-06-18T13:23:01Z"}
