{"lane_id": "lane12", "batch": "/srv/tyche/projects/limen-ai-edge-case-atlas/results/review-candidates/source-review-batches/20260614T084857Z-lane12-5d7000be", "status": "allocated"}
{"lane_id": "lane12", "batch": "/srv/tyche/projects/limen-ai-edge-case-atlas/results/review-candidates/source-review-batches/20260614T084857Z-lane12-5d7000be", "status": "complete", "verdict_counts": {"merge_existing_surface": 27, "needs_named_source_extraction": 12, "negative_evidence_candidate": 22, "reject_noise": 21, "source_reviewed_candidate": 5, "translation_review_needed": 13}}
{"lane_id": "lane12", "batch": "/srv/tyche/projects/limen-ai-edge-case-atlas/results/review-candidates/source-review-batches/20260614T085635Z-lane12-685c2b45", "status": "allocated"}
{"lane_id": "lane12", "batch": "/srv/tyche/projects/limen-ai-edge-case-atlas/results/review-candidates/source-review-batches/20260614T085635Z-lane12-685c2b45", "status": "complete", "verdict_counts": {"merge_existing_surface": 23, "needs_named_source_extraction": 11, "negative_evidence_candidate": 20, "reject_noise": 29, "source_reviewed_candidate": 10, "translation_review_needed": 7}}
{"lane_id": "lane12", "batch": "/srv/tyche/projects/limen-ai-edge-case-atlas/results/review-candidates/source-review-batches/20260614T090108Z-lane12-25ed83bb", "status": "allocated"}
{"lane_id": "lane12", "batch": "/srv/tyche/projects/limen-ai-edge-case-atlas/results/review-candidates/source-review-batches/20260614T090108Z-lane12-25ed83bb", "status": "complete", "verdict_counts": {"merge_existing_surface": 16, "needs_named_source_extraction": 5, "negative_evidence_candidate": 42, "reject_noise": 19, "source_reviewed_candidate": 9, "translation_review_needed": 9}}
{"lane_id": "lane12", "batch": "/srv/tyche/projects/limen-ai-edge-case-atlas/results/review-candidates/source-review-batches/20260614T090902Z-lane12-ffbb2f27", "status": "allocated"}
{"lane_id": "lane12", "batch": "/srv/tyche/projects/limen-ai-edge-case-atlas/results/review-candidates/source-review-batches/20260614T090902Z-lane12-ffbb2f27", "status": "complete", "verdict_counts": {"merge_existing_surface": 9, "needs_named_source_extraction": 31, "negative_evidence_candidate": 20, "reject_noise": 36, "source_reviewed_candidate": 2, "translation_review_needed": 2}}
{"lane_id": "lane12", "batch": "/srv/tyche/projects/limen-ai-edge-case-atlas/results/review-candidates/source-review-batches/20260614T091320Z-lane12-ed68d547", "status": "allocated"}
{"lane_id": "lane12", "batch": "/srv/tyche/projects/limen-ai-edge-case-atlas/results/review-candidates/source-review-batches/20260614T091320Z-lane12-ed68d547", "status": "complete", "verdict_counts": {"merge_existing_surface": 11, "needs_named_source_extraction": 23, "negative_evidence_candidate": 19, "reject_noise": 43, "source_reviewed_candidate": 1, "translation_review_needed": 3}}
{"lane_id": "lane12", "batch": "/srv/tyche/projects/limen-ai-edge-case-atlas/results/review-candidates/source-review-batches/20260614T091842Z-lane12-1907cdb2", "status": "allocated"}
{"lane_id": "lane12", "batch": "/srv/tyche/projects/limen-ai-edge-case-atlas/results/review-candidates/source-review-batches/20260614T091842Z-lane12-1907cdb2", "status": "complete", "verdict_counts": {"merge_existing_surface": 12, "needs_named_source_extraction": 12, "negative_evidence_candidate": 23, "reject_noise": 48, "source_reviewed_candidate": 2, "translation_review_needed": 3}}
{"lane_id": "lane12", "batch": "/srv/tyche/projects/limen-ai-edge-case-atlas/results/review-candidates/source-review-batches/20260614T092220Z-lane12-14037f3e", "status": "allocated"}
{"lane_id": "lane12", "batch": "/srv/tyche/projects/limen-ai-edge-case-atlas/results/review-candidates/source-review-batches/20260614T092220Z-lane12-14037f3e", "status": "complete", "verdict_counts": {"merge_existing_surface": 14, "needs_named_source_extraction": 8, "negative_evidence_candidate": 22, "reject_noise": 50, "source_reviewed_candidate": 1, "translation_review_needed": 5}}
{"lane_id": "lane12", "batch": "/srv/tyche/projects/limen-ai-edge-case-atlas/results/review-candidates/source-review-batches/20260614T092823Z-lane12-2c0e5139", "status": "allocated"}
{"lane_id": "lane12", "batch": "/srv/tyche/projects/limen-ai-edge-case-atlas/results/review-candidates/source-review-batches/20260614T092823Z-lane12-2c0e5139", "status": "complete", "verdict_counts": {"merge_existing_surface": 12, "needs_named_source_extraction": 31, "negative_evidence_candidate": 25, "reject_noise": 25, "source_reviewed_candidate": 7}}
{"lane_id": "lane12", "batch": "/srv/tyche/projects/limen-ai-edge-case-atlas/results/review-candidates/source-review-batches/20260614T093841Z-lane12-ab86edb2", "status": "allocated"}
{"lane_id": "lane12", "batch": "/srv/tyche/projects/limen-ai-edge-case-atlas/results/review-candidates/source-review-batches/20260614T093841Z-lane12-ab86edb2", "status": "complete", "verdict_counts": {"merge_existing_surface": 11, "needs_named_source_extraction": 2, "negative_evidence_candidate": 26, "reject_noise": 53, "source_reviewed_candidate": 2, "translation_review_needed": 6}}
{"lane_id": "lane12", "batch": "/srv/tyche/projects/limen-ai-edge-case-atlas/results/review-candidates/source-review-batches/20260614T094222Z-lane12-e15eee1e", "status": "allocated"}
{"lane_id": "lane12", "batch": "/srv/tyche/projects/limen-ai-edge-case-atlas/results/review-candidates/source-review-batches/20260614T094222Z-lane12-e15eee1e", "status": "complete", "verdict_counts": {"merge_existing_surface": 13, "needs_named_source_extraction": 10, "negative_evidence_candidate": 29, "reject_noise": 39, "source_reviewed_candidate": 5, "translation_review_needed": 4}}
{"lane_id": "lane12", "batch": "/srv/tyche/projects/limen-ai-edge-case-atlas/results/review-candidates/source-review-batches/20260614T094751Z-lane12-bedffff1", "status": "allocated"}
{"lane_id": "lane12", "status": "empty", "timestamp": "2026-06-16T17:20:41Z"}
{"lane_id": "lane12", "status": "empty", "timestamp": "2026-06-16T19:03:41Z"}
{"lane_id": "lane12", "batch": "/srv/tyche/projects/limen-ai-edge-case-atlas/results/review-candidates/source-review-batches/20260617T063959Z-lane12-bd0b78d3", "status": "allocated"}
{"lane_id": "lane12", "batch": "/srv/tyche/projects/limen-ai-edge-case-atlas/results/review-candidates/source-review-batches/20260617T063959Z-lane12-bd0b78d3", "status": "complete", "verdict_counts": {"merge_existing_surface": 12, "needs_named_source_extraction": 81, "negative_evidence_candidate": 47, "source_reviewed_candidate": 19, "translation_review_needed": 1}}
{"lane_id": "lane12", "status": "empty", "timestamp": "2026-06-17T06:45:18Z"}
{"lane_id": "lane12", "status": "empty", "timestamp": "2026-06-17T06:47:29Z"}
{"lane_id": "lane12", "batch": "/srv/tyche/projects/limen-ai-edge-case-atlas/results/review-candidates/source-review-batches/20260617T072936Z-lane12-feb7ed82", "status": "allocated"}
{"lane_id": "lane12", "batch": "/srv/tyche/projects/limen-ai-edge-case-atlas/results/review-candidates/source-review-batches/20260617T072936Z-lane12-feb7ed82", "status": "complete", "verdict_counts": {"needs_named_source_extraction": 140, "negative_evidence_candidate": 16, "source_reviewed_candidate": 4}}
{"lane_id": "lane12", "status": "empty", "timestamp": "2026-06-17T07:34:31Z"}
{"lane_id": "lane12", "status": "empty", "timestamp": "2026-06-18T13:23:02Z"}
