
session_id: 20260617_084341_560184
Completed the bounded LIMEN parent-source-extraction batch.

Wrote:
- /srv/tyche/projects/limen-ai-edge-case-atlas/results/review-candidates/bulk-review-batches/parent-source-extraction/20260617T064339Z-lane1-8bd6a21d/parent-source-extraction-results.tsv
- /srv/tyche/projects/limen-ai-edge-case-atlas/results/review-candidates/bulk-review-batches/parent-source-extraction/20260617T064339Z-lane1-8bd6a21d/parent-source-extraction-summary.md

Updated:
- /srv/tyche/projects/limen-ai-edge-case-atlas/results/review-candidates/bulk-review-batches/parent-source-extraction/20260617T064339Z-lane1-8bd6a21d/manifest.json

Verification passed:
- input rows: 24
- output rows: 24
- result TSV header matches required header exactly
- queue_id set matches input exactly
- duplicate output queue_id values: none
- manifest status: completed

Verdict counts:
- source_url_extracted: 1
- country_gap_no_parent_source: 23
- parent_source_wrapper: 0
- source_surface_only_no_case: 0
- duplicate_existing_core: 0
- reject_noise: 0
