
session_id: 20260617_092934_f96694
Готово.

Записаны:
- /srv/tyche/projects/limen-ai-edge-case-atlas/results/review-candidates/source-review-batches/20260617T072933Z-lane02-c75ee6c0/source-review-results.tsv
- /srv/tyche/projects/limen-ai-edge-case-atlas/results/review-candidates/source-review-batches/20260617T072933Z-lane02-c75ee6c0/source-review-summary.md

Обновлён manifest:
- /srv/tyche/projects/limen-ai-edge-case-atlas/results/review-candidates/source-review-batches/20260617T072933Z-lane02-c75ee6c0/manifest.json
- status: completed

Проверка:
- input rows: 160
- output rows: 160
- same signal_id set: true
- duplicates: 0
- omissions: 0
- extras: 0
- header: exact required header
- embedded tabs/newlines in fields: 0

Verdict counts:
- source_reviewed_candidate: 2
- merge_existing_surface: 103
- negative_evidence_candidate: 28
- needs_named_source_extraction: 22
- translation_review_needed: 5
- reject_noise: 0
