
session_id: 20260614_111628_417862
Готово.

Сделано:
- Записан results TSV:
  /srv/tyche/projects/limen-ai-edge-case-atlas/results/review-candidates/source-review-batches/20260614T091627Z-lane08-3c74ea87/source-review-results.tsv
- Записан summary MD:
  /srv/tyche/projects/limen-ai-edge-case-atlas/results/review-candidates/source-review-batches/20260614T091627Z-lane08-3c74ea87/source-review-summary.md
- Обновлён manifest:
  /srv/tyche/projects/limen-ai-edge-case-atlas/results/review-candidates/source-review-batches/20260614T091627Z-lane08-3c74ea87/manifest.json

Проверка:
- input rows: 100
- output rows: 100
- signal_id set: exact match
- duplicate output signal_id: none

Итоговые counts:
- source_reviewed_candidate: 2
- merge_existing_surface: 13
- negative_evidence_candidate: 29
- needs_named_source_extraction: 17
- translation_review_needed: 3
- reject_noise: 36

Boundary statement в summary/manifest добавлен.
