
session_id: 20260614_111321_c037ee
Готово.

Сделано:
- записан results TSV:
  /srv/tyche/projects/limen-ai-edge-case-atlas/results/review-candidates/source-review-batches/20260614T091320Z-lane12-ed68d547/source-review-results.tsv
- записан summary MD:
  /srv/tyche/projects/limen-ai-edge-case-atlas/results/review-candidates/source-review-batches/20260614T091320Z-lane12-ed68d547/source-review-summary.md
- обновлён manifest:
  /srv/tyche/projects/limen-ai-edge-case-atlas/results/review-candidates/source-review-batches/20260614T091320Z-lane12-ed68d547/manifest.json

Проверка:
- input rows: 100
- output rows: 100
- signal_id set: exact match

Итоговые counts:
- source_reviewed_candidate: 1
- merge_existing_surface: 11
- negative_evidence_candidate: 19
- needs_named_source_extraction: 23
- translation_review_needed: 3
- reject_noise: 43
