
session_id: 20260614_110805_49e5d6
Готово.

Сделано:
- записан results TSV:
  /srv/tyche/projects/limen-ai-edge-case-atlas/results/review-candidates/source-review-batches/20260614T090805Z-lane14-cbc69317/source-review-results.tsv
- записан summary MD:
  /srv/tyche/projects/limen-ai-edge-case-atlas/results/review-candidates/source-review-batches/20260614T090805Z-lane14-cbc69317/source-review-summary.md
- обновлён manifest:
  /srv/tyche/projects/limen-ai-edge-case-atlas/results/review-candidates/source-review-batches/20260614T090805Z-lane14-cbc69317/manifest.json

Проверка выполнена:
- input rows: 100
- output rows: 100
- signal_id set match: true

Итоговые counts:
- source_reviewed_candidate: 7
- merge_existing_surface: 10
- negative_evidence_candidate: 27
- needs_named_source_extraction: 26
- translation_review_needed: 3
- reject_noise: 27
