
session_id: 20260617_084000_784f6d
Готово.

Записаны outputs:
- /srv/tyche/projects/limen-ai-edge-case-atlas/results/review-candidates/source-review-batches/20260617T063959Z-lane12-bd0b78d3/source-review-results.tsv
- /srv/tyche/projects/limen-ai-edge-case-atlas/results/review-candidates/source-review-batches/20260617T063959Z-lane12-bd0b78d3/source-review-summary.md

Manifest обновлён:
- /srv/tyche/projects/limen-ai-edge-case-atlas/results/review-candidates/source-review-batches/20260617T063959Z-lane12-bd0b78d3/manifest.json
- status: completed
- output_rows: 160

Проверка выполнена:
- input rows: 160
- output rows: 160
- header matches required schema: yes
- signal_id set matches input exactly: yes
- duplicate signal_id values: 0
- bad verdict values: 0

Verdict counts:
- source_reviewed_candidate: 19
- merge_existing_surface: 12
- negative_evidence_candidate: 47
- needs_named_source_extraction: 81
- translation_review_needed: 1
- reject_noise: 0
