
session_id: 20260617_084628_588b44
Готово.

Записаны файлы:
- /srv/tyche/projects/limen-ai-edge-case-atlas/results/review-candidates/bulk-review-batches/bulk-translation-review/20260617T064627Z-lane4-dd67dc8c/bulk-translation-review-results.tsv
- /srv/tyche/projects/limen-ai-edge-case-atlas/results/review-candidates/bulk-review-batches/bulk-translation-review/20260617T064627Z-lane4-dd67dc8c/bulk-translation-review-summary.md

Обновлён manifest:
- /srv/tyche/projects/limen-ai-edge-case-atlas/results/review-candidates/bulk-review-batches/bulk-translation-review/20260617T064627Z-lane4-dd67dc8c/manifest.json

Проверка:
- input rows: 6
- output rows: 6
- queue_id set matches: true
- duplicate output queue_id: none
- missing queue_id: none
- extra queue_id: none
- required TSV header verified

Verdict counts:
- translation_source_reviewed: 2
- source_surface_only_no_case: 1
- cross_project_duplicate: 1
- candidate_for_parent_source_extraction: 2

Boundary preserved: no reviewed-core promotion, ObscureAI addition, incident truth, legal/safety/compliance finding, prevalence, or ranking.
