
session_id: 20260617_005556_2daa37
Done.

Created:
- /srv/tyche/projects/limen-ai-edge-case-atlas/results/review-candidates/case-extraction-batches/20260616T225549Z-lane39-db098324/case-extraction-results.tsv
- /srv/tyche/projects/limen-ai-edge-case-atlas/results/review-candidates/case-extraction-batches/20260616T225549Z-lane39-db098324/case-extraction-summary.md

Updated:
- /srv/tyche/projects/limen-ai-edge-case-atlas/results/review-candidates/case-extraction-batches/20260616T225549Z-lane39-db098324/manifest.json

Verification passed:
- Header exact: yes
- Input rows: 16
- Output rows: 16
- Unique output source_cluster_key values: 16
- Missing keys: 0
- Extra keys: 0
- Duplicate keys: 0
- Same key order as input: yes
- Verdicts: closed_noncase_source_surface = 16
- Invalid verdicts: 0
- Bad physical TSV field counts: 0
- Manifest status: completed
